<?xml version="1.0" encoding="utf-8"?><testsuites name="pytest tests"><testsuite name="pytest" errors="0" failures="0" skipped="0" tests="17" time="0.976" timestamp="2026-07-06T01:56:12.632898+00:00" hostname="agent-env-472c5ff5-be4f-4d60-8f10-4b617f64122c"><testcase classname="backend.tests.test_houzz_parser.TestEstimatePreview" name="test_all_seven_items_survive" time="0.082" /><testcase classname="backend.tests.test_houzz_parser.TestEstimatePreview" name="test_room_group_headers_become_room_names_not_items" time="0.035" /><testcase classname="backend.tests.test_houzz_parser.TestEstimatePreview" name="test_quantity_comes_from_input_not_row_number" time="0.034" /><testcase classname="backend.tests.test_houzz_parser.TestEstimatePreview" name="test_unit_price_derived_from_total" time="0.034" /><testcase classname="backend.tests.test_houzz_parser.TestEstimatePreview" name="test_finish_and_dimensions_extracted" time="0.034" /><testcase classname="backend.tests.test_houzz_parser.TestEstimatePreview" name="test_visual_comfort_sku_and_brand" time="0.049" /><testcase classname="backend.tests.test_houzz_parser.TestEstimatePreview" name="test_no_bogus_sku_from_skullery" time="0.035" /><testcase classname="backend.tests.test_houzz_parser.TestEstimatePreview" name="test_meta_totals" time="0.034" /><testcase classname="backend.tests.test_houzz_parser.TestPurchaseDocumentEdit" name="test_five_fabric_items_no_parents_no_empty_row" time="0.071" /><testcase classname="backend.tests.test_houzz_parser.TestPurchaseDocumentEdit" name="test_input_value_fields_extracted" time="0.071" /><testcase classname="backend.tests.test_houzz_parser.TestPurchaseDocumentEdit" name="test_rooms_come_from_add_room_inputs" time="0.070" /><testcase classname="backend.tests.test_houzz_parser.TestPurchaseDocumentEdit" name="test_extended_price_inherited_from_parent" time="0.070" /><testcase classname="backend.tests.test_houzz_parser.TestPurchaseDocumentEdit" name="test_parent_name_recorded" time="0.070" /><testcase classname="backend.tests.test_houzz_parser.TestDedupe" name="test_math_mismatch_rows_are_kept" time="0.000" /><testcase classname="backend.tests.test_houzz_parser.TestDedupe" name="test_totals_rows_dropped" time="0.000" /><testcase classname="backend.tests.test_houzz_parser.TestDedupe" name="test_empty_stub_row_dropped" time="0.000" /><testcase classname="backend.tests.test_houzz_parser.TestDedupe" name="test_duplicates_collapse" time="0.000" /></testsuite></testsuites>