<?xml version="1.0" encoding="utf-8"?><testsuites name="pytest tests"><testsuite name="pytest" errors="0" failures="0" skipped="0" tests="6" time="1.064" timestamp="2026-07-06T00:01:32.297648+00:00" hostname="agent-env-472c5ff5-be4f-4d60-8f10-4b617f64122c"><testcase classname="backend.tests.test_extension_download.TestExtensionVersion" name="test_version_endpoint_matches_manifest" time="0.215" /><testcase classname="backend.tests.test_extension_download.TestExtensionVersion" name="test_version_in_sync_with_manifest_edit" time="0.217" /><testcase classname="backend.tests.test_extension_download.TestExtensionDownload" name="test_download_chrome_extension" time="0.168" /><testcase classname="backend.tests.test_extension_download.TestExtensionDownload" name="test_legacy_download_scraper_alias" time="0.160" /><testcase classname="backend.tests.test_extension_download.TestRegression" name="test_projects_list" time="0.121" /><testcase classname="backend.tests.test_extension_download.TestRegression" name="test_purchase_orders_summary_unknown_project" time="0.112" /></testsuite></testsuites>