<?xml version="1.0" encoding="utf-8"?><testsuites name="pytest tests"><testsuite name="pytest" errors="0" failures="0" skipped="0" tests="7" time="33.367" timestamp="2026-05-26T00:58:15.826426+00:00" hostname="agent-env-ff64919e-ed2c-40e8-bed3-c1c747586a71"><testcase classname="backend.tests.test_vendor_portals_and_ai" name="test_list_vendor_portals" time="0.156" /><testcase classname="backend.tests.test_vendor_portals_and_ai" name="test_save_credentials_and_encryption" time="0.184" /><testcase classname="backend.tests.test_vendor_portals_and_ai" name="test_login_status" time="0.054" /><testcase classname="backend.tests.test_vendor_portals_and_ai" name="test_export_import_credentials" time="0.113" /><testcase classname="backend.tests.test_vendor_portals_and_ai" name="test_ai_assist_ingest_pdf" time="32.618" /><testcase classname="backend.tests.test_vendor_portals_and_ai" name="test_push_items" time="0.077" /><testcase classname="backend.tests.test_vendor_portals_and_ai" name="test_zz_delete_credentials" time="0.097" /></testsuite></testsuites>