<?xml version="1.0" encoding="utf-8"?><testsuites name="pytest tests"><testsuite name="pytest" errors="0" failures="0" skipped="0" tests="7" time="1.239" timestamp="2026-07-06T01:56:00.012944+00:00" hostname="agent-env-472c5ff5-be4f-4d60-8f10-4b617f64122c"><testcase classname="backend.tests.test_houzz_reparse_and_commit" name="test_reparse_estimate_session" time="0.248" /><testcase classname="backend.tests.test_houzz_reparse_and_commit" name="test_reparse_fabric_session_kasmir_no_retail" time="0.127" /><testcase classname="backend.tests.test_houzz_reparse_and_commit" name="test_commit_checklist_and_cleanup" time="0.273" /><testcase classname="backend.tests.test_houzz_reparse_and_commit" name="test_commit_po_and_cleanup" time="0.341" /><testcase classname="backend.tests.test_houzz_reparse_and_commit" name="test_extension_download" time="0.066" /><testcase classname="backend.tests.test_houzz_reparse_and_commit" name="test_extension_version" time="0.046" /><testcase classname="backend.tests.test_houzz_reparse_and_commit" name="test_purchase_orders_list" time="0.048" /></testsuite></testsuites>