<?xml version="1.0" encoding="utf-8"?><testsuites name="pytest tests"><testsuite name="pytest" errors="0" failures="0" skipped="0" tests="18" time="3.340" timestamp="2026-07-05T19:00:46.999789+00:00" hostname="agent-env-472c5ff5-be4f-4d60-8f10-4b617f64122c"><testcase classname="backend.tests.test_houzz_po" name="test_known_manufacturers" time="0.717" /><testcase classname="backend.tests.test_houzz_po" name="test_houzz_import_response_counts" time="0.050" /><testcase classname="backend.tests.test_houzz_po" name="test_no_retailer_leaks" time="0.000" /><testcase classname="backend.tests.test_houzz_po" name="test_wayfair_uttermost_swapped" time="0.000" /><testcase classname="backend.tests.test_houzz_po" name="test_amazon_fourhands_swapped" time="0.000" /><testcase classname="backend.tests.test_houzz_po" name="test_visualcomfort_kept" time="0.000" /><testcase classname="backend.tests.test_houzz_po" name="test_unknown_brand_wayfair_null" time="0.000" /><testcase classname="backend.tests.test_houzz_po" name="test_session_persists" time="0.050" /><testcase classname="backend.tests.test_houzz_po" name="test_commit_to_purchase_order" time="0.152" /><testcase classname="backend.tests.test_houzz_po" name="test_commit_to_items" time="0.142" /><testcase classname="backend.tests.test_houzz_po" name="test_po_create" time="0.095" /><testcase classname="backend.tests.test_houzz_po" name="test_po_update" time="0.150" /><testcase classname="backend.tests.test_houzz_po" name="test_po_delete" time="0.134" /><testcase classname="backend.tests.test_houzz_po" name="test_payment_lifecycle" time="0.248" /><testcase classname="backend.tests.test_houzz_po" name="test_receipt_upload_and_size_limit" time="0.528" /><testcase classname="backend.tests.test_houzz_po" name="test_po_pdf_import_text_pdf" time="0.391" /><testcase classname="backend.tests.test_houzz_po" name="test_po_pdf_import_empty_scanned_pdf_returns_422" time="0.170" /><testcase classname="backend.tests.test_houzz_po" name="test_po_summary_and_filters" time="0.395" /></testsuite></testsuites>