<?xml version="1.0" encoding="utf-8"?><testsuites name="pytest tests"><testsuite name="pytest" errors="0" failures="0" skipped="0" tests="9" time="0.883" timestamp="2026-05-11T04:58:24.184217+00:00" hostname="agent-env-ff64919e-ed2c-40e8-bed3-c1c747586a71"><testcase classname="backend.tests.test_proposal_email_white_label.TestCompanyEmailConfig" name="test_portal_exists" time="0.136" /><testcase classname="backend.tests.test_proposal_email_white_label.TestCompanyEmailConfig" name="test_save_email_config" time="0.047" /><testcase classname="backend.tests.test_proposal_email_white_label.TestCompanyEmailConfig" name="test_get_company_profile_hides_cipher" time="0.045" /><testcase classname="backend.tests.test_proposal_email_white_label.TestEmailSendingFailsGracefully" name="test_test_email_clean_error" time="0.171" /><testcase classname="backend.tests.test_proposal_email_white_label.TestEmailSendingFailsGracefully" name="test_send_email_clean_error" time="0.147" /><testcase classname="backend.tests.test_proposal_email_white_label.TestCustomerProposalPage" name="test_bad_token_403" time="0.048" /><testcase classname="backend.tests.test_proposal_email_white_label.TestCustomerProposalPage" name="test_valid_token_returns_payload" time="0.049" /><testcase classname="backend.tests.test_proposal_email_white_label.TestCustomerProposalPage" name="test_accept_without_signature_rejected" time="0.046" /><testcase classname="backend.tests.test_proposal_email_white_label.TestCustomerProposalPage" name="test_accept_with_signature_persists" time="0.046" /></testsuite></testsuites>