<?xml version="1.0" encoding="utf-8"?><testsuites name="pytest tests"><testsuite name="pytest" errors="0" failures="0" skipped="0" tests="8" time="2.950" timestamp="2026-03-25T05:54:33.999566+00:00" hostname="agent-env-0dbb52ad-1442-4f07-b5b1-bf66656b8922"><testcase classname="tests.test_finish_schedules_v43.TestFinishScheduleAPI" name="test_get_room_finish_schedules" time="0.207" /><testcase classname="tests.test_finish_schedules_v43.TestFinishScheduleAPI" name="test_create_finish_schedule" time="0.105" /><testcase classname="tests.test_finish_schedules_v43.TestFinishScheduleAPI" name="test_update_finish_schedule_with_tile_crop" time="0.304" /><testcase classname="tests.test_finish_schedules_v43.TestFinishScheduleAPI" name="test_update_finish_schedule_with_pattern" time="0.357" /><testcase classname="tests.test_finish_schedules_v43.TestFinishScheduleAPI" name="test_delete_finish_schedule" time="0.319" /><testcase classname="tests.test_finish_schedules_v43.TestFinishScheduleAPI" name="test_all_8_patterns_supported" time="1.137" /><testcase classname="tests.test_finish_schedules_v43.TestMaterialPalette" name="test_room_has_tile_items" time="0.122" /><testcase classname="tests.test_finish_schedules_v43.TestProxyImage" name="test_proxy_image_endpoint" time="0.332" /></testsuite></testsuites>