<?xml version="1.0" encoding="utf-8"?><testsuites name="pytest tests"><testsuite name="pytest" errors="0" failures="11" skipped="0" tests="14" time="13.325" timestamp="2026-01-16T21:15:24.607960+00:00" hostname="agent-env-a55d4a83-f70f-4e39-9583-2b1400738e21"><testcase classname="tests.test_data_flow_e2e_v23.TestFlow1_QuestionnaireToContacts" name="test_builder_sync_to_master_contacts" time="0.073"><failure message="AssertionError: Failed to create project: {&quot;detail&quot;:[{&quot;type&quot;:&quot;missing&quot;,&quot;loc&quot;:[&quot;body&quot;,&quot;client_info&quot;,&quot;address&quot;],&quot;msg&quot;:&quot;Field required&quot;,&quot;input&quot;:{&quot;full_name&quot;:&quot;Test Client&quot;,&quot;email&quot;:&quot;test@test.com&quot;,&quot;phone&quot;:&quot;555-0000&quot;},&quot;url&quot;:&quot;https://errors.pydantic.dev/2.11/v/missing&quot;},{&quot;type&quot;:&quot;enum&quot;,&quot;loc&quot;:[&quot;body&quot;,&quot;project_type&quot;],&quot;msg&quot;:&quot;Input should be 'Renovation', 'New Construction', 'Design Consultation' or 'Furniture Only'&quot;,&quot;input&quot;:&quot;New Build&quot;,&quot;ctx&quot;:{&quot;expected&quot;:&quot;'Renovation', 'New Construction', 'Design Consultation' or 'Furniture Only'&quot;},&quot;url&quot;:&quot;https://errors.pydantic.dev/2.11/v/enum&quot;}]}&#10;assert 422 in [200, 201]&#10; +  where 422 = &lt;Response [422]&gt;.status_code">tests/test_data_flow_e2e_v23.py:45: in test_builder_sync_to_master_contacts
    assert create_resp.status_code in [200, 201], f"Failed to create project: {create_resp.text}"
E   AssertionError: Failed to create project: {"detail":[{"type":"missing","loc":["body","client_info","address"],"msg":"Field required","input":{"full_name":"Test Client","email":"test@test.com","phone":"555-0000"},"url":"https://errors.pydantic.dev/2.11/v/missing"},{"type":"enum","loc":["body","project_type"],"msg":"Input should be 'Renovation', 'New Construction', 'Design Consultation' or 'Furniture Only'","input":"New Build","ctx":{"expected":"'Renovation', 'New Construction', 'Design Consultation' or 'Furniture Only'"},"url":"https://errors.pydantic.dev/2.11/v/enum"}]}
E   assert 422 in [200, 201]
E    +  where 422 = &lt;Response [422]&gt;.status_code</failure></testcase><testcase classname="tests.test_data_flow_e2e_v23.TestFlow2_ChecklistStatusToTodo" name="test_checklist_status_creates_todo" time="1.228"><failure message="AttributeError: 'str' object has no attribute 'get'">tests/test_data_flow_e2e_v23.py:166: in test_checklist_status_creates_todo
    if item_name and item_name.lower() in todo.get("text", "").lower():
                                          ^^^^^^^^
E   AttributeError: 'str' object has no attribute 'get'</failure></testcase><testcase classname="tests.test_data_flow_e2e_v23.TestFlow3_TodoCompletionRemovesHighlight" name="test_todo_completion_updates_linked_item" time="1.677"><failure message="AttributeError: 'str' object has no attribute 'get'">tests/test_data_flow_e2e_v23.py:215: in test_todo_completion_updates_linked_item
    completed_todo = next((t for t in todos if t.get("id") == todo_id), None)
                     ^^^^^^^^^^^^^^^^^^^^^^^^^^^^^^^^^^^^^^^^^^^^^^^^^^^^^^^^
tests/test_data_flow_e2e_v23.py:215: in &lt;genexpr&gt;
    completed_todo = next((t for t in todos if t.get("id") == todo_id), None)
                                               ^^^^^
E   AttributeError: 'str' object has no attribute 'get'</failure></testcase><testcase classname="tests.test_data_flow_e2e_v23.TestFlow4_PunchListCreation" name="test_punch_list_creation_and_retrieval" time="1.214"><failure message="AssertionError: Punch room mismatch&#10;assert None == 'Kitchen'&#10; +  where None = &lt;built-in method get of dict object at 0xfe3e804c30c0&gt;('room')&#10; +    where &lt;built-in method get of dict object at 0xfe3e804c30c0&gt; = {'ai_suggested': False, 'assigned_to': None, 'created_at': '2026-01-16T21:15:27.848812+00:00', 'description': 'Test punch item for data flow testing', ...}.get">tests/test_data_flow_e2e_v23.py:273: in test_punch_list_creation_and_retrieval
    assert found_punch.get("room") == room_name, "Punch room mismatch"
E   AssertionError: Punch room mismatch
E   assert None == 'Kitchen'
E    +  where None = &lt;built-in method get of dict object at 0xfe3e804c30c0&gt;('room')
E    +    where &lt;built-in method get of dict object at 0xfe3e804c30c0&gt; = {'ai_suggested': False, 'assigned_to': None, 'created_at': '2026-01-16T21:15:27.848812+00:00', 'description': 'Test punch item for data flow testing', ...}.get</failure></testcase><testcase classname="tests.test_data_flow_e2e_v23.TestFlow5_ShippingTrackerToCalendar" name="test_shipping_creates_calendar_event" time="1.191" /><testcase classname="tests.test_data_flow_e2e_v23.TestFlow6_FFEItemStatusPersistence" name="test_ffe_status_persistence" time="0.129"><failure message="AssertionError: Failed to update status: {&quot;detail&quot;:&quot;Method Not Allowed&quot;}&#10;assert 405 == 200&#10; +  where 405 = &lt;Response [405]&gt;.status_code">tests/test_data_flow_e2e_v23.py:378: in test_ffe_status_persistence
    assert update_resp.status_code == 200, f"Failed to update status: {update_resp.text}"
E   AssertionError: Failed to update status: {"detail":"Method Not Allowed"}
E   assert 405 == 200
E    +  where 405 = &lt;Response [405]&gt;.status_code</failure></testcase><testcase classname="tests.test_data_flow_e2e_v23.TestFlow8_CalendarEventCreation" name="test_calendar_event_creation_and_retrieval" time="0.206" /><testcase classname="tests.test_data_flow_e2e_v23.TestFlow9_SampleTracking" name="test_sample_creation_and_retrieval" time="0.206"><failure message="AttributeError: 'str' object has no attribute 'get'">tests/test_data_flow_e2e_v23.py:479: in test_sample_creation_and_retrieval
    found_sample = next((s for s in samples if s.get("id") == sample_id), None)
                   ^^^^^^^^^^^^^^^^^^^^^^^^^^^^^^^^^^^^^^^^^^^^^^^^^^^^^^^^^^^^
tests/test_data_flow_e2e_v23.py:479: in &lt;genexpr&gt;
    found_sample = next((s for s in samples if s.get("id") == sample_id), None)
                                               ^^^^^
E   AttributeError: 'str' object has no attribute 'get'</failure></testcase><testcase classname="tests.test_data_flow_e2e_v23.TestFlow10_ContactPersistence" name="test_master_contact_persistence" time="0.585"><failure message="AssertionError: Contact not found after reload!&#10;assert None is not None">tests/test_data_flow_e2e_v23.py:518: in test_master_contact_persistence
    assert found_contact is not None, "Contact not found after reload!"
E   AssertionError: Contact not found after reload!
E   assert None is not None</failure></testcase><testcase classname="tests.test_data_flow_e2e_v23.TestFlow12_TodoDeadlineToCalendar" name="test_todo_with_deadline" time="1.826"><failure message="AttributeError: 'str' object has no attribute 'get'">tests/test_data_flow_e2e_v23.py:558: in test_todo_with_deadline
    found_todo = next((t for t in todos if t.get("id") == todo_id), None)
                 ^^^^^^^^^^^^^^^^^^^^^^^^^^^^^^^^^^^^^^^^^^^^^^^^^^^^^^^^
tests/test_data_flow_e2e_v23.py:558: in &lt;genexpr&gt;
    found_todo = next((t for t in todos if t.get("id") == todo_id), None)
                                           ^^^^^
E   AttributeError: 'str' object has no attribute 'get'</failure></testcase><testcase classname="tests.test_data_flow_e2e_v23.TestFlow13_TeamsNotification" name="test_company_todo_teams_notification" time="1.571"><failure message="AttributeError: 'str' object has no attribute 'get'">tests/test_data_flow_e2e_v23.py:596: in test_company_todo_teams_notification
    found_todo = next((t for t in todos if t.get("id") == todo_id), None)
                 ^^^^^^^^^^^^^^^^^^^^^^^^^^^^^^^^^^^^^^^^^^^^^^^^^^^^^^^^
tests/test_data_flow_e2e_v23.py:596: in &lt;genexpr&gt;
    found_todo = next((t for t in todos if t.get("id") == todo_id), None)
                                           ^^^^^
E   AttributeError: 'str' object has no attribute 'get'</failure></testcase><testcase classname="tests.test_data_flow_e2e_v23.TestFlow15_BiDirectionalSync" name="test_bidirectional_todo_checklist_sync" time="1.620" /><testcase classname="tests.test_data_flow_e2e_v23.TestCRUDOperations" name="test_project_crud" time="0.036"><failure message="assert 422 in [200, 201]&#10; +  where 422 = &lt;Response [422]&gt;.status_code">tests/test_data_flow_e2e_v23.py:675: in test_project_crud
    assert create_resp.status_code in [200, 201]
E   assert 422 in [200, 201]
E    +  where 422 = &lt;Response [422]&gt;.status_code</failure></testcase><testcase classname="tests.test_data_flow_e2e_v23.TestCRUDOperations" name="test_todo_crud" time="1.557"><failure message="AttributeError: 'str' object has no attribute 'get'">tests/test_data_flow_e2e_v23.py:713: in test_todo_crud
    found = any(t.get("id") == todo_id for t in todos)
            ^^^^^^^^^^^^^^^^^^^^^^^^^^^^^^^^^^^^^^^^^^
tests/test_data_flow_e2e_v23.py:713: in &lt;genexpr&gt;
    found = any(t.get("id") == todo_id for t in todos)
                ^^^^^
E   AttributeError: 'str' object has no attribute 'get'</failure></testcase></testsuite></testsuites>