<?xml version="1.0" encoding="utf-8"?><testsuites name="pytest tests"><testsuite name="pytest" errors="0" failures="3" skipped="0" tests="13" time="15.134" timestamp="2026-01-16T21:17:20.290650+00:00" hostname="agent-env-a55d4a83-f70f-4e39-9583-2b1400738e21"><testcase classname="tests.test_data_flow_e2e_v23.TestFlow1_QuestionnaireToContacts" name="test_builder_sync_to_master_contacts" time="0.264"><failure message="AssertionError: Failed to get project contacts: {&quot;detail&quot;:&quot;Method Not Allowed&quot;}&#10;assert 405 == 200&#10; +  where 405 = &lt;Response [405]&gt;.status_code">tests/test_data_flow_e2e_v23.py:63: in test_builder_sync_to_master_contacts
    assert contacts_resp.status_code == 200, f"Failed to get project contacts: {contacts_resp.text}"
E   AssertionError: Failed to get project contacts: {"detail":"Method Not Allowed"}
E   assert 405 == 200
E    +  where 405 = &lt;Response [405]&gt;.status_code</failure></testcase><testcase classname="tests.test_data_flow_e2e_v23.TestFlow4_PunchListCreation" name="test_punch_list_creation_and_retrieval" time="1.964" /><testcase classname="tests.test_data_flow_e2e_v23.TestFlow6_FFEItemStatusPersistence" name="test_ffe_status_persistence" time="2.926" /><testcase classname="tests.test_data_flow_e2e_v23.TestFlow8_CalendarEventCreation" name="test_calendar_event_creation_and_retrieval" time="0.225" /><testcase classname="tests.test_data_flow_e2e_v23.TestFlow9_SampleTracking" name="test_sample_creation_and_retrieval" time="0.166"><failure message="AssertionError: Sample not found in list&#10;assert None is not None">tests/test_data_flow_e2e_v23.py:292: in test_sample_creation_and_retrieval
    assert found_sample is not None, "Sample not found in list"
E   AssertionError: Sample not found in list
E   assert None is not None</failure></testcase><testcase classname="tests.test_data_flow_e2e_v23.TestFlow10_ContactPersistence" name="test_master_contact_persistence" time="0.037"><failure message="AssertionError: Contact ID not returned: {'success': True, 'contact': {'id': '2dd9cdd2-12ef-4906-89af-ade0fd89e226', 'name': 'TEST_Contact_1f1da7', 'company': 'Test Company', 'phone': '555-TEST-010', 'email': 'test_a063@test.com', 'role': 'Vendor', 'address': '', 'website': '', 'notes': 'Test contact for persistence testing', 'tags': [], 'created_at': '2026-01-16T21:17:25.987074+00:00', 'updated_at': '2026-01-16T21:17:25.987083+00:00'}}&#10;assert None is not None">tests/test_data_flow_e2e_v23.py:321: in test_master_contact_persistence
    assert contact_id is not None, f"Contact ID not returned: {created_contact}"
E   AssertionError: Contact ID not returned: {'success': True, 'contact': {'id': '2dd9cdd2-12ef-4906-89af-ade0fd89e226', 'name': 'TEST_Contact_1f1da7', 'company': 'Test Company', 'phone': '555-TEST-010', 'email': 'test_a063@test.com', 'role': 'Vendor', 'address': '', 'website': '', 'notes': 'Test contact for persistence testing', 'tags': [], 'created_at': '2026-01-16T21:17:25.987074+00:00', 'updated_at': '2026-01-16T21:17:25.987083+00:00'}}
E   assert None is not None</failure></testcase><testcase classname="tests.test_data_flow_e2e_v23.TestFlow12_TodoDeadlineToCalendar" name="test_todo_with_deadline" time="1.267" /><testcase classname="tests.test_data_flow_e2e_v23.TestFlow13_TeamsNotification" name="test_company_todo_teams_notification" time="1.383" /><testcase classname="tests.test_data_flow_e2e_v23.TestFlow3_TodoCompletionRemovesHighlight" name="test_todo_completion_updates_linked_item" time="1.233" /><testcase classname="tests.test_data_flow_e2e_v23.TestCRUDOperations" name="test_todo_crud" time="1.516" /><testcase classname="tests.test_data_flow_e2e_v23.TestCRUDOperations" name="test_punch_list_crud" time="1.356" /><testcase classname="tests.test_data_flow_e2e_v23.TestCRUDOperations" name="test_calendar_event_crud" time="0.284" /><testcase classname="tests.test_data_flow_e2e_v23.TestDataFlowIntegration" name="test_item_status_update_flow" time="2.381" /></testsuite></testsuites>