<?xml version="1.0" encoding="utf-8"?><testsuites name="pytest tests"><testsuite name="pytest" errors="0" failures="0" skipped="0" tests="8" time="2.073" timestamp="2026-02-28T16:26:41.210593+00:00" hostname="agent-env-0566bc44-b8b9-49c1-80b9-b8b69e2d21e9"><testcase classname="tests.test_add_room_bug_fix.TestHealthCheck" name="test_health_endpoint" time="0.196" /><testcase classname="tests.test_add_room_bug_fix.TestRoomCreationAPI" name="test_create_room_with_valid_data" time="0.273" /><testcase classname="tests.test_add_room_bug_fix.TestRoomCreationAPI" name="test_create_kitchen_room" time="0.137" /><testcase classname="tests.test_add_room_bug_fix.TestRoomCreationAPI" name="test_create_multiple_rooms" time="0.385" /><testcase classname="tests.test_add_room_bug_fix.TestProjectAPI" name="test_get_projects_list" time="0.138" /><testcase classname="tests.test_add_room_bug_fix.TestProjectAPI" name="test_create_project_with_zero_rooms" time="0.111" /><testcase classname="tests.test_add_room_bug_fix.TestProjectAPI" name="test_add_room_to_existing_project" time="0.300" /><testcase classname="tests.test_add_room_bug_fix.TestZeroRoomsBugFix" name="test_project_with_zero_rooms_flow" time="0.481" /></testsuite></testsuites>