<?xml version="1.0" encoding="utf-8"?><testsuites name="pytest tests"><testsuite name="pytest" errors="0" failures="0" skipped="0" tests="23" time="12.163" timestamp="2026-01-12T05:19:18.804211+00:00" hostname="agent-env-8d093941-8e62-4234-8b5f-1aa6fe202622"><testcase classname="tests.test_launch_readiness.TestAPIHealth" name="test_api_projects_endpoint" time="0.133" /><testcase classname="tests.test_launch_readiness.TestAPIHealth" name="test_api_project_by_id" time="0.084" /><testcase classname="tests.test_launch_readiness.TestAPIHealth" name="test_api_todos_endpoint" time="0.034" /><testcase classname="tests.test_launch_readiness.TestAPIHealth" name="test_api_company_todos" time="0.040" /><testcase classname="tests.test_launch_readiness.TestAPIHealth" name="test_api_punch_list" time="0.038" /><testcase classname="tests.test_launch_readiness.TestTodoCRUD" name="test_create_todo_with_linked_item" time="1.007" /><testcase classname="tests.test_launch_readiness.TestTodoCRUD" name="test_complete_todo" time="0.916" /><testcase classname="tests.test_launch_readiness.TestTodoCRUD" name="test_delete_todo" time="1.042" /><testcase classname="tests.test_launch_readiness.TestPunchListCRUD" name="test_create_punch_item_with_linked_ffe" time="1.078" /><testcase classname="tests.test_launch_readiness.TestPunchListCRUD" name="test_update_punch_status" time="1.298" /><testcase classname="tests.test_launch_readiness.TestPunchListCRUD" name="test_delete_punch_item" time="1.363" /><testcase classname="tests.test_launch_readiness.TestItemStatusChange" name="test_get_project_items" time="0.062" /><testcase classname="tests.test_launch_readiness.TestItemStatusChange" name="test_update_item_status" time="1.835" /><testcase classname="tests.test_launch_readiness.TestMasterToDoList" name="test_master_todo_aggregates_all" time="0.220" /><testcase classname="tests.test_launch_readiness.TestMasterToDoList" name="test_company_todos_separate" time="0.074" /><testcase classname="tests.test_launch_readiness.TestSpreadsheetTypes" name="test_checklist_spreadsheet" time="0.053" /><testcase classname="tests.test_launch_readiness.TestSpreadsheetTypes" name="test_ffe_spreadsheet" time="0.039" /><testcase classname="tests.test_launch_readiness.TestSpreadsheetTypes" name="test_walkthrough_spreadsheet" time="0.061" /><testcase classname="tests.test_launch_readiness.TestMobileApp" name="test_mobile_projects_load" time="0.101" /><testcase classname="tests.test_launch_readiness.TestMobileApp" name="test_mobile_master_contacts" time="0.038" /><testcase classname="tests.test_launch_readiness.TestScraperIntegration" name="test_scraper_download_endpoint" time="0.043" /><testcase classname="tests.test_launch_readiness.TestDeleteOperations" name="test_delete_todo_removes_from_list" time="1.284" /><testcase classname="tests.test_launch_readiness.TestDeleteOperations" name="test_delete_punch_removes_from_list" time="1.173" /></testsuite></testsuites>