<?xml version="1.0" encoding="utf-8"?><testsuites name="pytest tests"><testsuite name="pytest" errors="0" failures="0" skipped="0" tests="18" time="4.908" timestamp="2026-04-11T05:59:53.666495+00:00" hostname="agent-env-0dbb52ad-1442-4f07-b5b1-bf66656b8922"><testcase classname="tests.test_finish_schedules_v45.TestFinishScheduleAPI" name="test_get_projects" time="0.211" /><testcase classname="tests.test_finish_schedules_v45.TestFinishScheduleAPI" name="test_get_project_details" time="0.123" /><testcase classname="tests.test_finish_schedules_v45.TestFinishScheduleAPI" name="test_get_room_finish_schedules" time="0.114" /><testcase classname="tests.test_finish_schedules_v45.TestFinishScheduleAPI" name="test_finish_schedule_has_surfaces" time="0.137" /><testcase classname="tests.test_finish_schedules_v45.TestZoneConfig" name="test_surface_has_zone_config" time="0.112" /><testcase classname="tests.test_finish_schedules_v45.TestZoneConfig" name="test_zone_config_structure" time="0.101" /><testcase classname="tests.test_finish_schedules_v45.TestZoneConfig" name="test_update_zone_dimension" time="0.219" /><testcase classname="tests.test_finish_schedules_v45.TestNichesBenchesFixtures" name="test_surface_has_niches_field" time="0.123" /><testcase classname="tests.test_finish_schedules_v45.TestNichesBenchesFixtures" name="test_create_niche" time="0.227" /><testcase classname="tests.test_finish_schedules_v45.TestNichesBenchesFixtures" name="test_create_bench" time="0.215" /><testcase classname="tests.test_finish_schedules_v45.TestNichesBenchesFixtures" name="test_create_fixture" time="0.323" /><testcase classname="tests.test_finish_schedules_v45.TestTileMaterials" name="test_place_tile_material" time="0.232" /><testcase classname="tests.test_finish_schedules_v45.TestTileMaterials" name="test_all_9_patterns_supported" time="1.054" /><testcase classname="tests.test_finish_schedules_v45.TestTileMaterials" name="test_grout_colors" time="0.759" /><testcase classname="tests.test_finish_schedules_v45.TestTileMaterials" name="test_tile_orientation" time="0.312" /><testcase classname="tests.test_finish_schedules_v45.TestCeilingFloor" name="test_ceiling_surface_exists" time="0.106" /><testcase classname="tests.test_finish_schedules_v45.TestCeilingFloor" name="test_floor_surface_exists" time="0.106" /><testcase classname="tests.test_finish_schedules_v45.TestProxyImage" name="test_proxy_image_endpoint" time="0.347" /></testsuite></testsuites>