<?xml version="1.0" encoding="utf-8"?><testsuites name="pytest tests"><testsuite name="pytest" errors="0" failures="0" skipped="0" tests="29" time="1.319" timestamp="2026-01-03T07:06:07.468659+00:00" hostname="agent-env-6be49fef-de28-4282-a408-b930e10d6e81"><testcase classname="tests.test_chrome_extension_v650.TestExtensionDownload" name="test_extension_download_returns_200" time="0.103" /><testcase classname="tests.test_chrome_extension_v650.TestExtensionDownload" name="test_extension_download_returns_zip" time="0.037" /><testcase classname="tests.test_chrome_extension_v650.TestExtensionDownload" name="test_extension_zip_contains_required_files" time="0.042" /><testcase classname="tests.test_chrome_extension_v650.TestExtensionDownload" name="test_extension_manifest_version_650" time="0.040" /><testcase classname="tests.test_chrome_extension_v650.TestClickToSelectPopupJS" name="test_toggle_click_to_select_function" time="0.045" /><testcase classname="tests.test_chrome_extension_v650.TestClickToSelectPopupJS" name="test_field_selected_message_listener" time="0.048" /><testcase classname="tests.test_chrome_extension_v650.TestClickToSelectPopupJS" name="test_update_field_display_function" time="0.037" /><testcase classname="tests.test_chrome_extension_v650.TestClickToSelectPopupJS" name="test_click_select_btn_reference" time="0.035" /><testcase classname="tests.test_chrome_extension_v650.TestClickToSelectPopupJS" name="test_click_to_select_active_state" time="0.034" /><testcase classname="tests.test_chrome_extension_v650.TestClickToSelectPopupJS" name="test_update_field_display_handles_all_fields" time="0.044" /><testcase classname="tests.test_chrome_extension_v650.TestClickToSelectContentJS" name="test_activate_click_to_select_function" time="0.039" /><testcase classname="tests.test_chrome_extension_v650.TestClickToSelectContentJS" name="test_deactivate_click_to_select_function" time="0.035" /><testcase classname="tests.test_chrome_extension_v650.TestClickToSelectContentJS" name="test_create_highlight_overlay_function" time="0.036" /><testcase classname="tests.test_chrome_extension_v650.TestClickToSelectContentJS" name="test_create_dropdown_menu_function" time="0.035" /><testcase classname="tests.test_chrome_extension_v650.TestClickToSelectContentJS" name="test_handle_field_selection_function" time="0.036" /><testcase classname="tests.test_chrome_extension_v650.TestClickToSelectContentJS" name="test_dropdown_contains_all_field_options" time="0.037" /><testcase classname="tests.test_chrome_extension_v650.TestClickToSelectContentJS" name="test_highlight_overlay_styling" time="0.034" /><testcase classname="tests.test_chrome_extension_v650.TestClickToSelectContentJS" name="test_dropdown_menu_styling" time="0.042" /><testcase classname="tests.test_chrome_extension_v650.TestClickToSelectContentJS" name="test_escape_key_handler" time="0.042" /><testcase classname="tests.test_chrome_extension_v650.TestClickToSelectPopupHTML" name="test_click_select_btn_element" time="0.034" /><testcase classname="tests.test_chrome_extension_v650.TestClickToSelectPopupHTML" name="test_click_select_btn_class_styling" time="0.038" /><testcase classname="tests.test_chrome_extension_v650.TestClickToSelectPopupHTML" name="test_click_to_select_button_text" time="0.041" /><testcase classname="tests.test_chrome_extension_v650.TestClickToSelectPopupHTML" name="test_click_select_help_text" time="0.035" /><testcase classname="tests.test_chrome_extension_v650.TestClickToSelectPopupHTML" name="test_click_select_btn_active_animation" time="0.038" /><testcase classname="tests.test_chrome_extension_v650.TestBackendAPIs" name="test_health_endpoint" time="0.042" /><testcase classname="tests.test_chrome_extension_v650.TestBackendAPIs" name="test_projects_endpoint" time="0.074" /><testcase classname="tests.test_chrome_extension_v650.TestBackendAPIs" name="test_extension_scrape_endpoint" time="0.040" /><testcase classname="tests.test_chrome_extension_v650.TestVendorSupport" name="test_vendor_map_exists" time="0.035" /><testcase classname="tests.test_chrome_extension_v650.TestVendorSupport" name="test_all_26_vendors_supported" time="0.038" /></testsuite></testsuites>