<?xml version="1.0" encoding="utf-8"?><testsuites name="pytest tests"><testsuite name="pytest" errors="0" failures="1" skipped="0" tests="20" time="2.444" timestamp="2026-01-07T18:00:33.073316+00:00" hostname="agent-env-28af94f0-2131-4703-a50c-0c1abed329d6"><testcase classname="tests.test_data_transfer_flow.TestAPIHealth" name="test_api_health" time="0.059" /><testcase classname="tests.test_data_transfer_flow.TestMasterContacts" name="test_master_contacts_count" time="0.045"><failure message="AssertionError: Expected 134 contacts, got 136&#10;assert 136 == 134&#10; +  where 136 = len([{'address': '', 'company': '', 'created_at': '2026-01-07T17:59:06.698186+00:00', 'email': 'test_john@example.com', ...}, {'address': '', 'company': '', 'created_at': '2026-01-07T17:59:08.167097+00:00', 'email': 'e2e@test.com', ...}, {'address': None, 'company': 'Accent Decor', 'created_at': '2026-01-07T17:06:47.898932+00:00', 'email': None, ...}, {'address': None, 'company': 'Aidan Gray', 'created_at': '2026-01-07T17:06:47.958043+00:00', 'email': 'db@goah.com', ...}, {'address': None, 'company': 'Amazon', 'created_at': '2026-01-07T17:06:47.960097+00:00', 'email': None, ...}, {'address': None, 'company': 'Americanhome', 'created_at': '2026-01-07T17:06:47.960949+00:00', 'email': 'inquiries@americanhomefurniture.com', ...}, ...])">tests/test_data_transfer_flow.py:53: in test_master_contacts_count
    assert len(contacts) == 134, f"Expected 134 contacts, got {len(contacts)}"
E   AssertionError: Expected 134 contacts, got 136
E   assert 136 == 134
E    +  where 136 = len([{'address': '', 'company': '', 'created_at': '2026-01-07T17:59:06.698186+00:00', 'email': 'test_john@example.com', ...}, {'address': '', 'company': '', 'created_at': '2026-01-07T17:59:08.167097+00:00', 'email': 'e2e@test.com', ...}, {'address': None, 'company': 'Accent Decor', 'created_at': '2026-01-07T17:06:47.898932+00:00', 'email': None, ...}, {'address': None, 'company': 'Aidan Gray', 'created_at': '2026-01-07T17:06:47.958043+00:00', 'email': 'db@goah.com', ...}, {'address': None, 'company': 'Amazon', 'created_at': '2026-01-07T17:06:47.960097+00:00', 'email': None, ...}, {'address': None, 'company': 'Americanhome', 'created_at': '2026-01-07T17:06:47.960949+00:00', 'email': 'inquiries@americanhomefurniture.com', ...}, ...])</failure></testcase><testcase classname="tests.test_data_transfer_flow.TestMasterContacts" name="test_master_contacts_have_required_fields" time="0.049" /><testcase classname="tests.test_data_transfer_flow.TestQuestionnaireFlow" name="test_get_questionnaire" time="0.082" /><testcase classname="tests.test_data_transfer_flow.TestQuestionnaireFlow" name="test_save_questionnaire_with_contacts" time="0.081" /><testcase classname="tests.test_data_transfer_flow.TestProjectSheetTypes" name="test_get_project_walkthrough" time="0.065" /><testcase classname="tests.test_data_transfer_flow.TestProjectSheetTypes" name="test_get_project_ffe" time="0.077" /><testcase classname="tests.test_data_transfer_flow.TestProjectSheetTypes" name="test_get_project_checklist" time="0.053" /><testcase classname="tests.test_data_transfer_flow.TestMobileAppDataFlow" name="test_mobile_walkthrough_data_loads" time="0.084" /><testcase classname="tests.test_data_transfer_flow.TestMobileAppDataFlow" name="test_mobile_ffe_data_loads" time="0.135" /><testcase classname="tests.test_data_transfer_flow.TestDataTransferSync" name="test_sync_walkthrough_to_checklist_endpoint_exists" time="0.056" /><testcase classname="tests.test_data_transfer_flow.TestDataTransferSync" name="test_sync_all_items_to_checklist" time="0.347" /><testcase classname="tests.test_data_transfer_flow.TestItemCRUD" name="test_create_item_in_walkthrough" time="0.135" /><testcase classname="tests.test_data_transfer_flow.TestItemCRUD" name="test_update_item_status" time="0.171" /><testcase classname="tests.test_data_transfer_flow.TestProjectContacts" name="test_get_project_contacts" time="0.037" /><testcase classname="tests.test_data_transfer_flow.TestProjectContacts" name="test_contact_roles_endpoint" time="0.075" /><testcase classname="tests.test_data_transfer_flow.TestAllProjectsDataIntegrity" name="test_project_exists_and_has_data[Modern Kitchen Design-76b177d8-bd8e-4be7-8eb3-5650df25a555]" time="0.066" /><testcase classname="tests.test_data_transfer_flow.TestAllProjectsDataIntegrity" name="test_project_exists_and_has_data[Luxury Master Suite-048eb37d-8437-4c19-a42f-8fe36b4a6308]" time="0.084" /><testcase classname="tests.test_data_transfer_flow.TestAllProjectsDataIntegrity" name="test_project_exists_and_has_data[Designer Living Room-53e640d0-ad56-4f24-b14a-563d65159e49]" time="0.052" /><testcase classname="tests.test_data_transfer_flow.TestEndToEndDataFlow" name="test_complete_data_flow" time="0.568" /></testsuite></testsuites>