<?xml version="1.0" encoding="utf-8"?><testsuites name="pytest tests"><testsuite name="pytest" errors="0" failures="0" skipped="0" tests="11" time="2.731" timestamp="2026-03-22T01:22:42.447306+00:00" hostname="agent-env-22ddd17c-40ca-4c8b-af38-be4db1d8ff36"><testcase classname="test_finish_schedules_v38.TestFinishSchedulesAPI" name="test_get_project_exists" time="0.266" /><testcase classname="test_finish_schedules_v38.TestFinishSchedulesAPI" name="test_get_finish_schedules_for_room" time="0.110" /><testcase classname="test_finish_schedules_v38.TestFinishSchedulesAPI" name="test_existing_schedule_has_materials_with_patterns" time="0.115" /><testcase classname="test_finish_schedules_v38.TestFinishSchedulesAPI" name="test_create_finish_schedule_tile" time="0.112" /><testcase classname="test_finish_schedules_v38.TestFinishSchedulesAPI" name="test_update_finish_schedule_add_material_with_pattern" time="0.244" /><testcase classname="test_finish_schedules_v38.TestFinishSchedulesAPI" name="test_update_finish_schedule_change_pattern" time="0.230" /><testcase classname="test_finish_schedules_v38.TestFinishSchedulesAPI" name="test_delete_finish_schedule" time="0.130" /><testcase classname="test_finish_schedules_v38.TestFinishSchedulesAPI" name="test_delete_nonexistent_schedule" time="0.100" /><testcase classname="test_finish_schedules_v38.TestFinishSchedulesDataIntegrity" name="test_all_8_tile_patterns_supported" time="1.138" /><testcase classname="test_finish_schedules_v38.TestFinishSchedulesDataIntegrity" name="test_project_rooms_listed" time="0.114" /><testcase classname="test_finish_schedules_v38.TestFinishSchedulesDataIntegrity" name="test_room_items_available_for_palette" time="0.108" /></testsuite></testsuites>