<?xml version="1.0" encoding="utf-8"?><testsuites name="pytest tests"><testsuite name="pytest" errors="0" failures="1" skipped="0" tests="25" time="0.072" timestamp="2026-01-05T01:52:38.046739+00:00" hostname="agent-env-b251db01-e498-4e3b-9174-cbb14a40a4b0"><testcase classname="tests.test_scraper_price_color_v8.TestExtractTradePriceLogic" name="test_reject_prices_over_50000" time="0.000" /><testcase classname="tests.test_scraper_price_color_v8.TestExtractTradePriceLogic" name="test_skip_msrp_map_context" time="0.000" /><testcase classname="tests.test_scraper_price_color_v8.TestExtractTradePriceLogic" name="test_labeled_trade_price_patterns" time="0.000" /><testcase classname="tests.test_scraper_price_color_v8.TestExtractTradePriceLogic" name="test_price_range_context_bug" time="0.000" /><testcase classname="tests.test_scraper_price_color_v8.TestLoloiRugsScraping" name="test_loloi_sku_from_url" time="0.000" /><testcase classname="tests.test_scraper_price_color_v8.TestLoloiRugsScraping" name="test_loloi_sku_from_page_text" time="0.001"><failure message="AssertionError: Expected MOY-2302, got MOY-23&#10;assert 'MOY-23' == 'MOY-2302'&#10;  &#10;  - MOY-2302&#10;  ?       --&#10;  + MOY-23">tests/test_scraper_price_color_v8.py:163: in test_loloi_sku_from_page_text
    assert sku == expected_sku, f"Expected {expected_sku}, got {sku}"
E   AssertionError: Expected MOY-2302, got MOY-23
E   assert 'MOY-23' == 'MOY-2302'
E     
E     - MOY-2302
E     ?       --
E     + MOY-23</failure></testcase><testcase classname="tests.test_scraper_price_color_v8.TestLoloiRugsScraping" name="test_loloi_color_from_h1" time="0.000" /><testcase classname="tests.test_scraper_price_color_v8.TestLoloiRugsScraping" name="test_loloi_map_price_extraction" time="0.000" /><testcase classname="tests.test_scraper_price_color_v8.TestLoloiRugsScraping" name="test_loloi_rug_dimensions" time="0.000" /><testcase classname="tests.test_scraper_price_color_v8.TestFourHandsScraping" name="test_fourhands_sku_from_url" time="0.000" /><testcase classname="tests.test_scraper_price_color_v8.TestFourHandsScraping" name="test_fourhands_price_logic" time="0.000" /><testcase classname="tests.test_scraper_price_color_v8.TestFourHandsScraping" name="test_fourhands_color_bullet_pattern" time="0.000" /><testcase classname="tests.test_scraper_price_color_v8.TestFourHandsScraping" name="test_fourhands_color_fallback_pattern" time="0.000" /><testcase classname="tests.test_scraper_price_color_v8.TestFourHandsScraping" name="test_fourhands_dimensions" time="0.000" /><testcase classname="tests.test_scraper_price_color_v8.TestUttermostScraping" name="test_uttermost_sku_from_page" time="0.000" /><testcase classname="tests.test_scraper_price_color_v8.TestUttermostScraping" name="test_uttermost_sku_from_url" time="0.000" /><testcase classname="tests.test_scraper_price_color_v8.TestUttermostScraping" name="test_uttermost_price_patterns" time="0.000" /><testcase classname="tests.test_scraper_price_color_v8.TestUttermostScraping" name="test_uttermost_color_from_h1" time="0.000" /><testcase classname="tests.test_scraper_price_color_v8.TestUttermostScraping" name="test_uttermost_dimensions" time="0.000" /><testcase classname="tests.test_scraper_price_color_v8.TestExtractColorLogic" name="test_color_from_labeled_text" time="0.000" /><testcase classname="tests.test_scraper_price_color_v8.TestExtractColorLogic" name="test_color_length_validation" time="0.000" /><testcase classname="tests.test_scraper_price_color_v8.TestDocumentedBugs" name="test_bug_price_range_not_handled" time="0.000" /><testcase classname="tests.test_scraper_price_color_v8.TestDocumentedBugs" name="test_bug_crestview_sku_pattern_too_broad" time="0.000" /><testcase classname="tests.test_scraper_price_color_v8.TestEdgeCases" name="test_price_boundary_50000" time="0.000" /><testcase classname="tests.test_scraper_price_color_v8.TestEdgeCases" name="test_special_characters_in_color" time="0.000" /></testsuite></testsuites>