<?xml version="1.0" encoding="utf-8"?><testsuites name="pytest tests"><testsuite name="pytest" errors="0" failures="0" skipped="0" tests="15" time="14.439" timestamp="2026-01-11T05:23:33.207008+00:00" hostname="agent-env-a9c9fda1-8aa0-4b9c-bd3f-cf599442b1fe"><testcase classname="tests.test_todo_punchlist_features.TestCompanyTodosAPI" name="test_get_company_todos_endpoint_exists" time="0.063" /><testcase classname="tests.test_todo_punchlist_features.TestCompanyTodosAPI" name="test_create_company_todo_with_deadline" time="1.340" /><testcase classname="tests.test_todo_punchlist_features.TestCompanyTodosAPI" name="test_update_company_todo_status" time="1.232" /><testcase classname="tests.test_todo_punchlist_features.TestCompanyTodosAPI" name="test_delete_company_todo" time="1.317" /><testcase classname="tests.test_todo_punchlist_features.TestProjectTodosAPI" name="test_get_project_todos" time="0.035" /><testcase classname="tests.test_todo_punchlist_features.TestProjectTodosAPI" name="test_create_project_todo_with_deadline" time="1.902" /><testcase classname="tests.test_todo_punchlist_features.TestPunchListAPI" name="test_get_punch_list" time="0.034" /><testcase classname="tests.test_todo_punchlist_features.TestPunchListAPI" name="test_create_punch_item_with_due_date" time="1.534" /><testcase classname="tests.test_todo_punchlist_features.TestPunchListAPI" name="test_punch_list_filter_by_status" time="0.038" /><testcase classname="tests.test_todo_punchlist_features.TestRouteOrdering" name="test_company_route_not_captured_as_project_id" time="0.033" /><testcase classname="tests.test_todo_punchlist_features.TestRouteOrdering" name="test_project_route_still_works" time="0.031" /><testcase classname="tests.test_todo_punchlist_features.TestPriorityColors" name="test_create_todos_with_all_priorities" time="4.453" /><testcase classname="tests.test_todo_punchlist_features.TestDeadlineDisplay" name="test_deadline_in_company_todo" time="1.154" /><testcase classname="tests.test_todo_punchlist_features.TestDeadlineDisplay" name="test_due_date_in_punch_item" time="1.081" /><testcase classname="tests.test_todo_punchlist_features.TestCleanup" name="test_cleanup_test_data" time="0.125" /></testsuite></testsuites>