<?xml version="1.0" encoding="utf-8"?><testsuites name="pytest tests"><testsuite name="pytest" errors="0" failures="1" skipped="0" tests="27" time="0.073" timestamp="2026-01-04T18:39:27.783872+00:00" hostname="agent-env-b251db01-e498-4e3b-9174-cbb14a40a4b0"><testcase classname="tests.test_scraper_v7_patterns.TestFourHandsPatterns" name="test_sku_from_url_product_pattern" time="0.001" /><testcase classname="tests.test_scraper_v7_patterns.TestFourHandsPatterns" name="test_sku_from_url_p_pattern" time="0.000" /><testcase classname="tests.test_scraper_v7_patterns.TestFourHandsPatterns" name="test_color_bullet_pattern" time="0.000" /><testcase classname="tests.test_scraper_v7_patterns.TestFourHandsPatterns" name="test_dimensions_pattern" time="0.000" /><testcase classname="tests.test_scraper_v7_patterns.TestUttermostPatterns" name="test_sku_from_page_text" time="0.000" /><testcase classname="tests.test_scraper_v7_patterns.TestUttermostPatterns" name="test_sku_from_url_suffix" time="0.000" /><testcase classname="tests.test_scraper_v7_patterns.TestUttermostPatterns" name="test_dimensions_pattern" time="0.000" /><testcase classname="tests.test_scraper_v7_patterns.TestUttermostPatterns" name="test_color_from_h1" time="0.000" /><testcase classname="tests.test_scraper_v7_patterns.TestVisualComfortPatterns" name="test_sku_format" time="0.000" /><testcase classname="tests.test_scraper_v7_patterns.TestVisualComfortPatterns" name="test_sku_from_url" time="0.000" /><testcase classname="tests.test_scraper_v7_patterns.TestVisualComfortPatterns" name="test_dimensions_height_width" time="0.000" /><testcase classname="tests.test_scraper_v7_patterns.TestVisualComfortPatterns" name="test_finish_pattern" time="0.000" /><testcase classname="tests.test_scraper_v7_patterns.TestSuryaPatterns" name="test_sku_format_aaa_0000" time="0.000" /><testcase classname="tests.test_scraper_v7_patterns.TestSuryaPatterns" name="test_sku_from_url" time="0.000" /><testcase classname="tests.test_scraper_v7_patterns.TestSuryaPatterns" name="test_rug_dimensions" time="0.000" /><testcase classname="tests.test_scraper_v7_patterns.TestSuryaPatterns" name="test_color_pattern" time="0.001" /><testcase classname="tests.test_scraper_v7_patterns.TestCrestviewPatterns" name="test_sku_format" time="0.000" /><testcase classname="tests.test_scraper_v7_patterns.TestCrestviewPatterns" name="test_dimensions_pattern" time="0.000" /><testcase classname="tests.test_scraper_v7_patterns.TestCrestviewPatterns" name="test_finish_material_pattern" time="0.000" /><testcase classname="tests.test_scraper_v7_patterns.TestGenericPatterns" name="test_price_patterns" time="0.000" /><testcase classname="tests.test_scraper_v7_patterns.TestGenericPatterns" name="test_generic_sku_patterns" time="0.001"><failure message="AssertionError: Failed to match SKU in: Item #: ABC12345&#10;assert False">tests/test_scraper_v7_patterns.py:410: in test_generic_sku_patterns
    assert matched, f"Failed to match SKU in: {text}"
E   AssertionError: Failed to match SKU in: Item #: ABC12345
E   assert False</failure></testcase><testcase classname="tests.test_scraper_v7_patterns.TestGenericPatterns" name="test_dimension_wxdxh_pattern" time="0.000" /><testcase classname="tests.test_scraper_v7_patterns.TestGenericPatterns" name="test_finish_color_patterns" time="0.000" /><testcase classname="tests.test_scraper_v7_patterns.TestVendorDetection" name="test_vendor_map_coverage" time="0.000" /><testcase classname="tests.test_scraper_v7_patterns.TestScrapeDataStructure" name="test_required_fields_exist" time="0.000" /><testcase classname="tests.test_scraper_v7_patterns.TestScrapeDataStructure" name="test_optional_fields_exist" time="0.000" /><testcase classname="tests.test_scraper_v7_patterns.TestDebugLogging" name="test_vendor_detected_variable" time="0.000" /></testsuite></testsuites>