<?xml version="1.0" encoding="utf-8"?><testsuites name="pytest tests"><testsuite name="pytest" errors="0" failures="15" skipped="0" tests="36" time="47.806" timestamp="2026-01-16T23:10:46.820534+00:00" hostname="agent-env-ca52b422-b62f-4a1f-8761-c67e4b3a8528"><testcase classname="tests.test_e2e_comprehensive_v24.TestHealthAndBasics" name="test_health_endpoint" time="0.083" /><testcase classname="tests.test_e2e_comprehensive_v24.TestHealthAndBasics" name="test_root_endpoint" time="0.042" /><testcase classname="tests.test_e2e_comprehensive_v24.TestProjectsCRUD" name="test_get_all_projects" time="0.098" /><testcase classname="tests.test_e2e_comprehensive_v24.TestProjectsCRUD" name="test_get_project_by_id" time="0.164" /><testcase classname="tests.test_e2e_comprehensive_v24.TestProjectsCRUD" name="test_project_has_rooms" time="0.097" /><testcase classname="tests.test_e2e_comprehensive_v24.TestMasterContacts" name="test_get_master_contacts" time="0.044" /><testcase classname="tests.test_e2e_comprehensive_v24.TestMasterContacts" name="test_create_contact" time="0.135"><failure message="AssertionError: assert None == 'TEST_NewContact_e1cb847e'&#10; +  where None = &lt;built-in method get of dict object at 0xfebac19cb240&gt;('name')&#10; +    where &lt;built-in method get of dict object at 0xfebac19cb240&gt; = {'contact': {'address': '', 'company': 'Test Company Inc', 'created_at': '2026-01-16T23:10:47.605731+00:00', 'email': 'newcontact@test.com', ...}, 'success': True}.get">tests/test_e2e_comprehensive_v24.py:121: in test_create_contact
    assert created.get('name') == contact_data['name']
E   AssertionError: assert None == 'TEST_NewContact_e1cb847e'
E    +  where None = &lt;built-in method get of dict object at 0xfebac19cb240&gt;('name')
E    +    where &lt;built-in method get of dict object at 0xfebac19cb240&gt; = {'contact': {'address': '', 'company': 'Test Company Inc', 'created_at': '2026-01-16T23:10:47.605731+00:00', 'email': 'newcontact@test.com', ...}, 'success': True}.get</failure></testcase><testcase classname="tests.test_e2e_comprehensive_v24.TestMasterContacts" name="test_update_contact" time="0.077"><failure message="assert 404 == 200&#10; +  where 404 = &lt;Response [404]&gt;.status_code">tests/test_e2e_comprehensive_v24.py:144: in test_update_contact
    assert update_response.status_code == 200
E   assert 404 == 200
E    +  where 404 = &lt;Response [404]&gt;.status_code</failure></testcase><testcase classname="tests.test_e2e_comprehensive_v24.TestMasterContacts" name="test_delete_contact" time="0.079"><failure message="assert 404 == 200&#10; +  where 404 = &lt;Response [404]&gt;.status_code">tests/test_e2e_comprehensive_v24.py:167: in test_delete_contact
    assert delete_response.status_code == 200
E   assert 404 == 200
E    +  where 404 = &lt;Response [404]&gt;.status_code</failure></testcase><testcase classname="tests.test_e2e_comprehensive_v24.TestMasterMaterials" name="test_get_master_materials" time="0.042"><failure message="assert 404 == 200&#10; +  where 404 = &lt;Response [404]&gt;.status_code">tests/test_e2e_comprehensive_v24.py:177: in test_get_master_materials
    assert response.status_code == 200
E   assert 404 == 200
E    +  where 404 = &lt;Response [404]&gt;.status_code</failure></testcase><testcase classname="tests.test_e2e_comprehensive_v24.TestMasterMaterials" name="test_create_material" time="0.039"><failure message="assert 404 == 200&#10; +  where 404 = &lt;Response [404]&gt;.status_code">tests/test_e2e_comprehensive_v24.py:192: in test_create_material
    assert response.status_code == 200
E   assert 404 == 200
E    +  where 404 = &lt;Response [404]&gt;.status_code</failure></testcase><testcase classname="tests.test_e2e_comprehensive_v24.TestCompanyTodos" name="test_get_company_todos" time="0.034"><failure message="AssertionError: assert False&#10; +  where False = isinstance({'success': True, 'todos': []}, list)">tests/test_e2e_comprehensive_v24.py:210: in test_get_company_todos
    assert isinstance(todos, list)
E   AssertionError: assert False
E    +  where False = isinstance({'success': True, 'todos': []}, list)</failure></testcase><testcase classname="tests.test_e2e_comprehensive_v24.TestCompanyTodos" name="test_create_company_todo" time="1.183"><failure message="AssertionError: assert None == 'TEST_CompanyTodo_828e8c12'&#10; +  where None = &lt;built-in method get of dict object at 0xfebac13a2840&gt;('title')&#10; +    where &lt;built-in method get of dict object at 0xfebac13a2840&gt; = {'success': True, 'todo': {'assigned_to': '', 'completed': False, 'created_at': '2026-01-16T23:10:48.024795+00:00', 'deadline': None, ...}}.get">tests/test_e2e_comprehensive_v24.py:224: in test_create_company_todo
    assert created.get('title') == todo_data['title']
E   AssertionError: assert None == 'TEST_CompanyTodo_828e8c12'
E    +  where None = &lt;built-in method get of dict object at 0xfebac13a2840&gt;('title')
E    +    where &lt;built-in method get of dict object at 0xfebac13a2840&gt; = {'success': True, 'todo': {'assigned_to': '', 'completed': False, 'created_at': '2026-01-16T23:10:48.024795+00:00', 'deadline': None, ...}}.get</failure></testcase><testcase classname="tests.test_e2e_comprehensive_v24.TestCompanyTodos" name="test_update_company_todo" time="1.169"><failure message="assert 520 == 200&#10; +  where 520 = &lt;Response [520]&gt;.status_code">tests/test_e2e_comprehensive_v24.py:246: in test_update_company_todo
    assert update_response.status_code == 200
E   assert 520 == 200
E    +  where 520 = &lt;Response [520]&gt;.status_code</failure></testcase><testcase classname="tests.test_e2e_comprehensive_v24.TestPunchList" name="test_get_punch_list" time="0.149"><failure message="assert 405 == 200&#10; +  where 405 = &lt;Response [405]&gt;.status_code">tests/test_e2e_comprehensive_v24.py:267: in test_get_punch_list
    assert response.status_code == 200
E   assert 405 == 200
E    +  where 405 = &lt;Response [405]&gt;.status_code</failure></testcase><testcase classname="tests.test_e2e_comprehensive_v24.TestPunchList" name="test_create_punch_item" time="1.800"><failure message="AssertionError: assert None == 'TEST_PunchItem_3dd43f7a'&#10; +  where None = &lt;built-in method get of dict object at 0xfebac14fe640&gt;('title')&#10; +    where &lt;built-in method get of dict object at 0xfebac14fe640&gt; = {'message': 'Punch list item created successfully', 'punch_item': {'ai_suggested': False, 'assigned_to': None, 'created_at': '2026-01-16T23:10:50.625997+00:00', 'description': 'Test punch list item', ...}, 'success': True}.get">tests/test_e2e_comprehensive_v24.py:291: in test_create_punch_item
    assert created.get('title') == punch_data['title']
E   AssertionError: assert None == 'TEST_PunchItem_3dd43f7a'
E    +  where None = &lt;built-in method get of dict object at 0xfebac14fe640&gt;('title')
E    +    where &lt;built-in method get of dict object at 0xfebac14fe640&gt; = {'message': 'Punch list item created successfully', 'punch_item': {'ai_suggested': False, 'assigned_to': None, 'created_at': '2026-01-16T23:10:50.625997+00:00', 'description': 'Test punch list item', ...}, 'success': True}.get</failure></testcase><testcase classname="tests.test_e2e_comprehensive_v24.TestCalendarEvents" name="test_get_calendar_events" time="0.056" /><testcase classname="tests.test_e2e_comprehensive_v24.TestCalendarEvents" name="test_create_calendar_event" time="0.132"><failure message="AssertionError: assert None == 'TEST_Event_7dfa8b27'&#10; +  where None = &lt;built-in method get of dict object at 0xfebac13dff80&gt;('title')&#10; +    where &lt;built-in method get of dict object at 0xfebac13dff80&gt; = {'event': {'created_at': '2026-01-16T23:10:52.492492+00:00', 'date': '2026-01-19', 'description': 'Test calendar event', 'id': '9556b7d2-3e87-413d-abff-7ed968101d34', ...}, 'success': True}.get">tests/test_e2e_comprehensive_v24.py:328: in test_create_calendar_event
    assert created.get('title') == event_data['title']
E   AssertionError: assert None == 'TEST_Event_7dfa8b27'
E    +  where None = &lt;built-in method get of dict object at 0xfebac13dff80&gt;('title')
E    +    where &lt;built-in method get of dict object at 0xfebac13dff80&gt; = {'event': {'created_at': '2026-01-16T23:10:52.492492+00:00', 'date': '2026-01-19', 'description': 'Test calendar event', 'id': '9556b7d2-3e87-413d-abff-7ed968101d34', ...}, 'success': True}.get</failure></testcase><testcase classname="tests.test_e2e_comprehensive_v24.TestCalendarEvents" name="test_delete_calendar_event" time="0.164"><failure message="assert 520 == 200&#10; +  where 520 = &lt;Response [520]&gt;.status_code">tests/test_e2e_comprehensive_v24.py:356: in test_delete_calendar_event
    assert delete_response.status_code == 200
E   assert 520 == 200
E    +  where 520 = &lt;Response [520]&gt;.status_code</failure></testcase><testcase classname="tests.test_e2e_comprehensive_v24.TestSamples" name="test_get_samples" time="0.036" /><testcase classname="tests.test_e2e_comprehensive_v24.TestSamples" name="test_create_sample" time="0.129"><failure message="AssertionError: assert None == 'TEST_Sample_9756ba8a'&#10; +  where None = &lt;built-in method get of dict object at 0xfebac139afc0&gt;('name')&#10; +    where &lt;built-in method get of dict object at 0xfebac139afc0&gt; = {'sample': {'color': None, 'cost': 0, 'created_at': '2026-01-16T23:10:52.834424+00:00', 'expected_date': None, ...}, 'success': True}.get">tests/test_e2e_comprehensive_v24.py:390: in test_create_sample
    assert created.get('name') == sample_data['name']
E   AssertionError: assert None == 'TEST_Sample_9756ba8a'
E    +  where None = &lt;built-in method get of dict object at 0xfebac139afc0&gt;('name')
E    +    where &lt;built-in method get of dict object at 0xfebac139afc0&gt; = {'sample': {'color': None, 'cost': 0, 'created_at': '2026-01-16T23:10:52.834424+00:00', 'expected_date': None, ...}, 'success': True}.get</failure></testcase><testcase classname="tests.test_e2e_comprehensive_v24.TestItems" name="test_get_item_statuses" time="0.037" /><testcase classname="tests.test_e2e_comprehensive_v24.TestItems" name="test_get_vendor_types" time="0.039" /><testcase classname="tests.test_e2e_comprehensive_v24.TestItems" name="test_get_carrier_types" time="0.038" /><testcase classname="tests.test_e2e_comprehensive_v24.TestItems" name="test_update_item_status" time="2.667" /><testcase classname="tests.test_e2e_comprehensive_v24.TestRoomColors" name="test_get_room_colors" time="0.037" /><testcase classname="tests.test_e2e_comprehensive_v24.TestRoomColors" name="test_get_category_colors" time="0.036" /><testcase classname="tests.test_e2e_comprehensive_v24.TestScraper" name="test_scrape_product_endpoint" time="37.983"><failure message="assert 503 in [200, 400, 422]&#10; +  where 503 = &lt;Response [503]&gt;.status_code">tests/test_e2e_comprehensive_v24.py:490: in test_scrape_product_endpoint
    assert response.status_code in [200, 400, 422]
E   assert 503 in [200, 400, 422]
E    +  where 503 = &lt;Response [503]&gt;.status_code</failure></testcase><testcase classname="tests.test_e2e_comprehensive_v24.TestExports" name="test_export_project_pdf" time="0.164" /><testcase classname="tests.test_e2e_comprehensive_v24.TestDataPersistence" name="test_contact_persistence" time="0.122" /><testcase classname="tests.test_e2e_comprehensive_v24.TestDataPersistence" name="test_calendar_event_persistence" time="0.275" /><testcase classname="tests.test_e2e_comprehensive_v24.TestVendorDatabase" name="test_get_vendor_database" time="0.038"><failure message="AssertionError: assert False&#10; +  where False = isinstance({'data': [{'category': 'Furniture', 'name': 'Four Hands', 'scraping_supported': True, 'url': 'fourhands.com'}, {'category': 'Furniture &amp; Decor', 'name': 'Restoration Hardware', 'scraping_supported': True, 'url': 'rh.com'}, {'category': 'Furniture &amp; Decor', 'name': 'West Elm', 'scraping_supported': True, 'url': 'westelm.com'}, {'category': 'Modern Furniture', 'name': 'CB2', 'scraping_supported': True, 'url': 'cb2.com'}, {'category': 'Lighting &amp; Decor', 'name': 'Arteriors', 'scraping_supported': True, 'url': 'arteriorshome.com'}, {'category': 'Lighting', 'name': 'Visual Comfort', 'scraping_supported': True, 'url': 'visualcomfort.com'}, ...]}, list)">tests/test_e2e_comprehensive_v24.py:576: in test_get_vendor_database
    assert isinstance(vendors, list)
E   AssertionError: assert False
E    +  where False = isinstance({'data': [{'category': 'Furniture', 'name': 'Four Hands', 'scraping_supported': True, 'url': 'fourhands.com'}, {'category': 'Furniture &amp; Decor', 'name': 'Restoration Hardware', 'scraping_supported': True, 'url': 'rh.com'}, {'category': 'Furniture &amp; Decor', 'name': 'West Elm', 'scraping_supported': True, 'url': 'westelm.com'}, {'category': 'Modern Furniture', 'name': 'CB2', 'scraping_supported': True, 'url': 'cb2.com'}, {'category': 'Lighting &amp; Decor', 'name': 'Arteriors', 'scraping_supported': True, 'url': 'arteriorshome.com'}, {'category': 'Lighting', 'name': 'Visual Comfort', 'scraping_supported': True, 'url': 'visualcomfort.com'}, ...]}, list)</failure></testcase><testcase classname="tests.test_e2e_comprehensive_v24.TestFurnitureSearch" name="test_furniture_search" time="0.045" /><testcase classname="tests.test_e2e_comprehensive_v24.TestFurnitureSearch" name="test_furniture_vendors" time="0.081" /><testcase classname="tests.test_e2e_comprehensive_v24.TestFurnitureSearch" name="test_furniture_categories" time="0.043" /><testcase classname="tests.test_e2e_comprehensive_v24.TestShippingTracking" name="test_project_tracking" time="0.126" /></testsuite></testsuites>