<?xml version="1.0" encoding="utf-8"?><testsuites name="pytest tests"><testsuite name="pytest" errors="0" failures="1" skipped="0" tests="49" time="0.956" timestamp="2026-01-03T04:32:23.246050+00:00" hostname="agent-env-6be49fef-de28-4282-a408-b930e10d6e81"><testcase classname="tests.test_chrome_extension_v640.TestChromeExtensionDownload" name="test_download_endpoint_returns_200" time="0.075" /><testcase classname="tests.test_chrome_extension_v640.TestChromeExtensionDownload" name="test_download_returns_zip_file" time="0.043" /><testcase classname="tests.test_chrome_extension_v640.TestChromeExtensionDownload" name="test_manifest_version_is_640" time="0.037" /><testcase classname="tests.test_chrome_extension_v640.TestChromeExtensionDownload" name="test_zip_contains_all_required_files" time="0.038" /><testcase classname="tests.test_chrome_extension_v640.TestProjectsAPI" name="test_projects_endpoint_returns_200" time="0.095" /><testcase classname="tests.test_chrome_extension_v640.TestProjectsAPI" name="test_projects_returns_list" time="0.091" /><testcase classname="tests.test_chrome_extension_v640.TestProjectsAPI" name="test_projects_have_required_fields" time="0.097" /><testcase classname="tests.test_chrome_extension_v640.TestExtensionScrapeAPI" name="test_extension_scrape_post_accepts_data" time="0.081" /><testcase classname="tests.test_chrome_extension_v640.TestPopupJSVendorDetection" name="test_vendor_detection_present[fourhands]" time="0.043" /><testcase classname="tests.test_chrome_extension_v640.TestPopupJSVendorDetection" name="test_vendor_detection_present[uttermost]" time="0.000" /><testcase classname="tests.test_chrome_extension_v640.TestPopupJSVendorDetection" name="test_vendor_detection_present[globalviews]" time="0.000" /><testcase classname="tests.test_chrome_extension_v640.TestPopupJSVendorDetection" name="test_vendor_detection_present[rowefurniture]" time="0.000" /><testcase classname="tests.test_chrome_extension_v640.TestPopupJSVendorDetection" name="test_vendor_detection_present[reginaandrew]" time="0.000" /><testcase classname="tests.test_chrome_extension_v640.TestPopupJSVendorDetection" name="test_vendor_detection_present[bernhardt]" time="0.000" /><testcase classname="tests.test_chrome_extension_v640.TestPopupJSVendorDetection" name="test_vendor_detection_present[loloirugs]" time="0.000" /><testcase classname="tests.test_chrome_extension_v640.TestPopupJSVendorDetection" name="test_vendor_detection_present[visualcomfort]" time="0.000" /><testcase classname="tests.test_chrome_extension_v640.TestPopupJSVendorDetection" name="test_vendor_detection_present[hvlgroup]" time="0.000" /><testcase classname="tests.test_chrome_extension_v640.TestPopupJSVendorDetection" name="test_vendor_detection_present[vanguardfurniture]" time="0.000" /><testcase classname="tests.test_chrome_extension_v640.TestPopupJSVendorDetection" name="test_vendor_detection_present[flowdecor]" time="0.000" /><testcase classname="tests.test_chrome_extension_v640.TestPopupJSVendorDetection" name="test_vendor_detection_present[crestviewcollection]" time="0.000" /><testcase classname="tests.test_chrome_extension_v640.TestPopupJSVendorDetection" name="test_vendor_detection_present[bassettmirror]" time="0.000" /><testcase classname="tests.test_chrome_extension_v640.TestPopupJSVendorDetection" name="test_vendor_detection_present[eichholtz]" time="0.000" /><testcase classname="tests.test_chrome_extension_v640.TestPopupJSVendorDetection" name="test_vendor_detection_present[safavieh]" time="0.000" /><testcase classname="tests.test_chrome_extension_v640.TestPopupJSVendorDetection" name="test_vendor_detection_present[surya]" time="0.000" /><testcase classname="tests.test_chrome_extension_v640.TestPopupJSVendorDetection" name="test_vendor_detection_present[zeelighting]" time="0.000" /><testcase classname="tests.test_chrome_extension_v640.TestPopupJSVendorDetection" name="test_vendor_detection_present[hubbardtonforge]" time="0.000" /><testcase classname="tests.test_chrome_extension_v640.TestPopupJSVendorDetection" name="test_vendor_detection_present[hinkley]" time="0.000" /><testcase classname="tests.test_chrome_extension_v640.TestPopupJSVendorDetection" name="test_vendor_detection_present[elegantlighting]" time="0.000" /><testcase classname="tests.test_chrome_extension_v640.TestPopupJSVendorDetection" name="test_vendor_detection_present[gabby]" time="0.000" /><testcase classname="tests.test_chrome_extension_v640.TestPopupJSVendorDetection" name="test_vendor_detection_present[arteriorshome]" time="0.000" /><testcase classname="tests.test_chrome_extension_v640.TestPopupJSVendorDetection" name="test_vendor_detection_present[curreyandcompany]" time="0.000" /><testcase classname="tests.test_chrome_extension_v640.TestPopupJSDimensionPatterns" name="test_wxdxh_format" time="0.034" /><testcase classname="tests.test_chrome_extension_v640.TestPopupJSDimensionPatterns" name="test_width_height_depth_labels" time="0.000" /><testcase classname="tests.test_chrome_extension_v640.TestPopupJSDimensionPatterns" name="test_hxwxd_format" time="0.000" /><testcase classname="tests.test_chrome_extension_v640.TestPopupJSDimensionPatterns" name="test_rug_format" time="0.000" /><testcase classname="tests.test_chrome_extension_v640.TestPopupJSSKUPatterns" name="test_four_hands_subtitle_sku" time="0.037" /><testcase classname="tests.test_chrome_extension_v640.TestPopupJSSKUPatterns" name="test_bernhardt_url_sku" time="0.000" /><testcase classname="tests.test_chrome_extension_v640.TestPopupJSSKUPatterns" name="test_hvl_url_sku" time="0.000" /><testcase classname="tests.test_chrome_extension_v640.TestPopupJSSKUPatterns" name="test_visual_comfort_title_sku" time="0.000" /><testcase classname="tests.test_chrome_extension_v640.TestPopupJSSKUPatterns" name="test_generic_sku_patterns" time="0.000" /><testcase classname="tests.test_chrome_extension_v640.TestPopupJSFinishColorDetection" name="test_dropdown_text_detection" time="0.037" /><testcase classname="tests.test_chrome_extension_v640.TestPopupJSFinishColorDetection" name="test_swatch_images_detection" time="0.000" /><testcase classname="tests.test_chrome_extension_v640.TestPopupJSFinishColorDetection" name="test_selected_state_detection" time="0.000" /><testcase classname="tests.test_chrome_extension_v640.TestPopupJSFinishColorDetection" name="test_aria_selected_detection" time="0.000" /><testcase classname="tests.test_chrome_extension_v640.TestPopupJSFinishColorDetection" name="test_background_image_swatch" time="0.000" /><testcase classname="tests.test_chrome_extension_v640.TestPopupJSFinishColorDetection" name="test_hvl_finish_codes" time="0.000" /><testcase classname="tests.test_chrome_extension_v640.TestPopupJSNoSyntaxErrors" name="test_popup_js_valid_structure" time="0.047"><failure message="AssertionError: Unbalanced parentheses: 467 open, 469 close&#10;assert 467 == 469">tests/test_chrome_extension_v640.py:254: in test_popup_js_valid_structure
    assert open_parens == close_parens, f"Unbalanced parentheses: {open_parens} open, {close_parens} close"
E   AssertionError: Unbalanced parentheses: 467 open, 469 close
E   assert 467 == 469</failure></testcase><testcase classname="tests.test_chrome_extension_v640.TestPopupJSNoSyntaxErrors" name="test_popup_js_has_scrape_function" time="0.036" /><testcase classname="tests.test_chrome_extension_v640.TestPopupJSNoSyntaxErrors" name="test_popup_js_has_load_projects" time="0.034" /></testsuite></testsuites>