<?xml version="1.0" encoding="utf-8"?><testsuites name="pytest tests"><testsuite name="pytest" errors="0" failures="0" skipped="0" tests="18" time="4.947" timestamp="2026-01-02T23:05:18.435148+00:00" hostname="agent-env-6be49fef-de28-4282-a408-b930e10d6e81"><testcase classname="tests.test_chrome_extension_api.TestChromeExtensionDownload" name="test_download_endpoint_returns_200" time="0.099" /><testcase classname="tests.test_chrome_extension_api.TestChromeExtensionDownload" name="test_download_returns_zip_file" time="0.044" /><testcase classname="tests.test_chrome_extension_api.TestChromeExtensionDownload" name="test_zip_contains_manifest" time="0.036" /><testcase classname="tests.test_chrome_extension_api.TestChromeExtensionDownload" name="test_manifest_version_is_6_1_0" time="0.036" /><testcase classname="tests.test_chrome_extension_api.TestChromeExtensionDownload" name="test_zip_contains_popup_js" time="0.041" /><testcase classname="tests.test_chrome_extension_api.TestChromeExtensionDownload" name="test_download_filename_header" time="0.037" /><testcase classname="tests.test_chrome_extension_api.TestProjectsAPI" name="test_get_projects_returns_200" time="0.075" /><testcase classname="tests.test_chrome_extension_api.TestProjectsAPI" name="test_get_projects_returns_list" time="0.078" /><testcase classname="tests.test_chrome_extension_api.TestProjectsAPI" name="test_projects_have_required_fields" time="0.083" /><testcase classname="tests.test_chrome_extension_api.TestExtensionScrapeAPI" name="test_post_extension_scrape" time="0.088" /><testcase classname="tests.test_chrome_extension_api.TestExtensionScrapeAPI" name="test_get_extension_scrape_cache" time="0.037" /><testcase classname="tests.test_chrome_extension_api.TestExtensionScrapeAPI" name="test_get_extension_scrape_cache_by_url" time="0.077" /><testcase classname="tests.test_chrome_extension_api.TestExtensionScrapeAPI" name="test_get_latest_extension_scrape" time="0.081" /><testcase classname="tests.test_chrome_extension_api.TestAIScrapeAPI" name="test_ai_scrape_endpoint_exists" time="2.018" /><testcase classname="tests.test_chrome_extension_api.TestAIScrapeAPI" name="test_ai_scrape_with_four_hands_format" time="1.930" /><testcase classname="tests.test_chrome_extension_api.TestScraperLogicVerification" name="test_popup_js_has_four_hands_sku_logic" time="0.036" /><testcase classname="tests.test_chrome_extension_api.TestScraperLogicVerification" name="test_popup_js_has_four_hands_dimensions_logic" time="0.040" /><testcase classname="tests.test_chrome_extension_api.TestScraperLogicVerification" name="test_popup_js_has_four_hands_swatch_logic" time="0.035" /></testsuite></testsuites>