<?xml version="1.0" encoding="utf-8"?><testsuites name="pytest tests"><testsuite name="pytest" errors="0" failures="0" skipped="0" tests="20" time="2.247" timestamp="2026-01-07T18:00:54.203796+00:00" hostname="agent-env-28af94f0-2131-4703-a50c-0c1abed329d6"><testcase classname="tests.test_data_transfer_flow.TestAPIHealth" name="test_api_health" time="0.054" /><testcase classname="tests.test_data_transfer_flow.TestMasterContacts" name="test_master_contacts_count" time="0.038" /><testcase classname="tests.test_data_transfer_flow.TestMasterContacts" name="test_master_contacts_have_required_fields" time="0.037" /><testcase classname="tests.test_data_transfer_flow.TestQuestionnaireFlow" name="test_get_questionnaire" time="0.034" /><testcase classname="tests.test_data_transfer_flow.TestQuestionnaireFlow" name="test_save_questionnaire_with_contacts" time="0.112" /><testcase classname="tests.test_data_transfer_flow.TestProjectSheetTypes" name="test_get_project_walkthrough" time="0.057" /><testcase classname="tests.test_data_transfer_flow.TestProjectSheetTypes" name="test_get_project_ffe" time="0.072" /><testcase classname="tests.test_data_transfer_flow.TestProjectSheetTypes" name="test_get_project_checklist" time="0.050" /><testcase classname="tests.test_data_transfer_flow.TestMobileAppDataFlow" name="test_mobile_walkthrough_data_loads" time="0.084" /><testcase classname="tests.test_data_transfer_flow.TestMobileAppDataFlow" name="test_mobile_ffe_data_loads" time="0.129" /><testcase classname="tests.test_data_transfer_flow.TestDataTransferSync" name="test_sync_walkthrough_to_checklist_endpoint_exists" time="0.053" /><testcase classname="tests.test_data_transfer_flow.TestDataTransferSync" name="test_sync_all_items_to_checklist" time="0.370" /><testcase classname="tests.test_data_transfer_flow.TestItemCRUD" name="test_create_item_in_walkthrough" time="0.136" /><testcase classname="tests.test_data_transfer_flow.TestItemCRUD" name="test_update_item_status" time="0.175" /><testcase classname="tests.test_data_transfer_flow.TestProjectContacts" name="test_get_project_contacts" time="0.034" /><testcase classname="tests.test_data_transfer_flow.TestProjectContacts" name="test_contact_roles_endpoint" time="0.033" /><testcase classname="tests.test_data_transfer_flow.TestAllProjectsDataIntegrity" name="test_project_exists_and_has_data[Modern Kitchen Design-76b177d8-bd8e-4be7-8eb3-5650df25a555]" time="0.066" /><testcase classname="tests.test_data_transfer_flow.TestAllProjectsDataIntegrity" name="test_project_exists_and_has_data[Luxury Master Suite-048eb37d-8437-4c19-a42f-8fe36b4a6308]" time="0.084" /><testcase classname="tests.test_data_transfer_flow.TestAllProjectsDataIntegrity" name="test_project_exists_and_has_data[Designer Living Room-53e640d0-ad56-4f24-b14a-563d65159e49]" time="0.059" /><testcase classname="tests.test_data_transfer_flow.TestEndToEndDataFlow" name="test_complete_data_flow" time="0.470" /></testsuite></testsuites>