<?xml version="1.0" encoding="utf-8"?><testsuites name="pytest tests"><testsuite name="pytest" errors="0" failures="5" skipped="0" tests="36" time="86.150" timestamp="2026-01-17T00:22:24.755959+00:00" hostname="agent-env-ca52b422-b62f-4a1f-8761-c67e4b3a8528"><testcase classname="tests.test_launch_critical_v25.TestHealthAndBasics" name="test_health_endpoint" time="0.078" /><testcase classname="tests.test_launch_critical_v25.TestHealthAndBasics" name="test_root_endpoint" time="0.073" /><testcase classname="tests.test_launch_critical_v25.TestProjectsCRUD" name="test_get_all_projects" time="0.113" /><testcase classname="tests.test_launch_critical_v25.TestProjectsCRUD" name="test_get_project_by_id" time="0.183" /><testcase classname="tests.test_launch_critical_v25.TestProjectsCRUD" name="test_project_has_rooms" time="0.099" /><testcase classname="tests.test_launch_critical_v25.TestProjectsCRUD" name="test_create_project" time="0.042"><failure message="assert 422 == 200&#10; +  where 422 = &lt;Response [422]&gt;.status_code">tests/test_launch_critical_v25.py:85: in test_create_project
    assert response.status_code == 200
E   assert 422 == 200
E    +  where 422 = &lt;Response [422]&gt;.status_code</failure></testcase><testcase classname="tests.test_launch_critical_v25.TestMasterContacts" name="test_get_master_contacts" time="0.038" /><testcase classname="tests.test_launch_critical_v25.TestMasterContacts" name="test_create_contact" time="0.096" /><testcase classname="tests.test_launch_critical_v25.TestMasterMaterials" name="test_get_master_materials" time="0.038" /><testcase classname="tests.test_launch_critical_v25.TestMasterMaterials" name="test_create_material" time="0.073" /><testcase classname="tests.test_launch_critical_v25.TestCalendarEvents" name="test_get_calendar_events" time="0.035" /><testcase classname="tests.test_launch_critical_v25.TestCalendarEvents" name="test_create_calendar_event" time="0.071" /><testcase classname="tests.test_launch_critical_v25.TestCompanyTodos" name="test_get_company_todos" time="0.036" /><testcase classname="tests.test_launch_critical_v25.TestCompanyTodos" name="test_create_company_todo" time="0.979" /><testcase classname="tests.test_launch_critical_v25.TestPunchList" name="test_get_punch_list" time="0.136" /><testcase classname="tests.test_launch_critical_v25.TestPunchList" name="test_create_punch_item" time="0.152"><failure message="assert 422 in [200, 201]&#10; +  where 422 = &lt;Response [422]&gt;.status_code">tests/test_launch_critical_v25.py:250: in test_create_punch_item
    assert response.status_code in [200, 201]
E   assert 422 in [200, 201]
E    +  where 422 = &lt;Response [422]&gt;.status_code</failure></testcase><testcase classname="tests.test_launch_critical_v25.TestSamples" name="test_get_samples" time="0.037" /><testcase classname="tests.test_launch_critical_v25.TestScraper" name="test_scrape_product_endpoint" time="82.257" /><testcase classname="tests.test_launch_critical_v25.TestScraper" name="test_download_scraper_endpoint" time="0.085" /><testcase classname="tests.test_launch_critical_v25.TestExports" name="test_electrician_sheet_export" time="0.153" /><testcase classname="tests.test_launch_critical_v25.TestExports" name="test_load_in_sheets_export" time="0.157" /><testcase classname="tests.test_launch_critical_v25.TestExports" name="test_movers_ffe_export" time="0.155" /><testcase classname="tests.test_launch_critical_v25.TestVendorPortals" name="test_get_vendor_portals" time="0.048"><failure message="AssertionError: assert False&#10; +  where False = isinstance({'count': 13, 'portals': [{'key': 'four_hands', 'login_type': 'account_number', 'login_url': 'https://fourhands.com/login', 'name': 'Four Hands'}, {'key': 'uttermost', 'login_type': 'email', 'login_url': 'https://uttermost.com/customer/account/login/', 'name': 'Uttermost'}, {'key': 'bernhardt', 'login_type': 'email', 'login_url': 'https://www.bernhardt.com/customer/account/login/', 'name': 'Bernhardt'}, {'key': 'rowe', 'login_type': 'email', 'login_url': 'https://rowefurniture.com/login', 'name': 'Rowe Furniture'}, {'key': 'loloi', 'login_type': 'email', 'login_url': 'https://www.loloirugs.com/account/login', 'name': 'Loloi Rugs'}, {'key': 'visual_comfort', 'login_type': 'email', 'login_url': 'https://www.visualcomfort.com/customer/account/login/', 'name': 'Visual Comfort'}, ...], 'success': True}, list)">tests/test_launch_critical_v25.py:334: in test_get_vendor_portals
    assert isinstance(portals, list)
E   AssertionError: assert False
E    +  where False = isinstance({'count': 13, 'portals': [{'key': 'four_hands', 'login_type': 'account_number', 'login_url': 'https://fourhands.com/login', 'name': 'Four Hands'}, {'key': 'uttermost', 'login_type': 'email', 'login_url': 'https://uttermost.com/customer/account/login/', 'name': 'Uttermost'}, {'key': 'bernhardt', 'login_type': 'email', 'login_url': 'https://www.bernhardt.com/customer/account/login/', 'name': 'Bernhardt'}, {'key': 'rowe', 'login_type': 'email', 'login_url': 'https://rowefurniture.com/login', 'name': 'Rowe Furniture'}, {'key': 'loloi', 'login_type': 'email', 'login_url': 'https://www.loloirugs.com/account/login', 'name': 'Loloi Rugs'}, {'key': 'visual_comfort', 'login_type': 'email', 'login_url': 'https://www.visualcomfort.com/customer/account/login/', 'name': 'Visual Comfort'}, ...], 'success': True}, list)</failure></testcase><testcase classname="tests.test_launch_critical_v25.TestVendorPortals" name="test_get_vendor_credentials" time="0.037" /><testcase classname="tests.test_launch_critical_v25.TestItemStatuses" name="test_get_item_statuses" time="0.077" /><testcase classname="tests.test_launch_critical_v25.TestItemStatuses" name="test_get_carrier_types" time="0.033" /><testcase classname="tests.test_launch_critical_v25.TestFurnitureSearch" name="test_furniture_search" time="0.039" /><testcase classname="tests.test_launch_critical_v25.TestFurnitureSearch" name="test_furniture_vendors" time="0.041"><failure message="AssertionError: assert False&#10; +  where False = isinstance({'status': 'success', 'vendors': []}, list)">tests/test_launch_critical_v25.py:385: in test_furniture_vendors
    assert isinstance(vendors, list)
E   AssertionError: assert False
E    +  where False = isinstance({'status': 'success', 'vendors': []}, list)</failure></testcase><testcase classname="tests.test_launch_critical_v25.TestShippingTracking" name="test_project_tracking" time="0.130" /><testcase classname="tests.test_launch_critical_v25.TestWalkthroughAndChecklist" name="test_sync_walkthrough_to_checklist" time="0.147" /><testcase classname="tests.test_launch_critical_v25.TestWalkthroughAndChecklist" name="test_get_sync_status" time="0.133" /><testcase classname="tests.test_launch_critical_v25.TestVendorDatabase" name="test_get_vendor_database" time="0.034"><failure message="AssertionError: assert False&#10; +  where False = isinstance({'data': [{'category': 'Furniture', 'name': 'Four Hands', 'scraping_supported': True, 'url': 'fourhands.com'}, {'category': 'Furniture &amp; Decor', 'name': 'Restoration Hardware', 'scraping_supported': True, 'url': 'rh.com'}, {'category': 'Furniture &amp; Decor', 'name': 'West Elm', 'scraping_supported': True, 'url': 'westelm.com'}, {'category': 'Modern Furniture', 'name': 'CB2', 'scraping_supported': True, 'url': 'cb2.com'}, {'category': 'Lighting &amp; Decor', 'name': 'Arteriors', 'scraping_supported': True, 'url': 'arteriorshome.com'}, {'category': 'Lighting', 'name': 'Visual Comfort', 'scraping_supported': True, 'url': 'visualcomfort.com'}, ...]}, list)">tests/test_launch_critical_v25.py:435: in test_get_vendor_database
    assert isinstance(vendors, list)
E   AssertionError: assert False
E    +  where False = isinstance({'data': [{'category': 'Furniture', 'name': 'Four Hands', 'scraping_supported': True, 'url': 'fourhands.com'}, {'category': 'Furniture &amp; Decor', 'name': 'Restoration Hardware', 'scraping_supported': True, 'url': 'rh.com'}, {'category': 'Furniture &amp; Decor', 'name': 'West Elm', 'scraping_supported': True, 'url': 'westelm.com'}, {'category': 'Modern Furniture', 'name': 'CB2', 'scraping_supported': True, 'url': 'cb2.com'}, {'category': 'Lighting &amp; Decor', 'name': 'Arteriors', 'scraping_supported': True, 'url': 'arteriorshome.com'}, {'category': 'Lighting', 'name': 'Visual Comfort', 'scraping_supported': True, 'url': 'visualcomfort.com'}, ...]}, list)</failure></testcase><testcase classname="tests.test_launch_critical_v25.TestRoomColors" name="test_get_room_colors" time="0.035" /><testcase classname="tests.test_launch_critical_v25.TestRoomColors" name="test_get_category_colors" time="0.078" /><testcase classname="tests.test_launch_critical_v25.TestBackup" name="test_backup_contacts" time="0.039" /><testcase classname="tests.test_launch_critical_v25.TestBackup" name="test_backup_materials" time="0.045" /></testsuite></testsuites>