<?xml version="1.0" encoding="utf-8"?><testsuites name="pytest tests"><testsuite name="pytest" errors="0" failures="1" skipped="0" tests="18" time="4.198" timestamp="2026-01-20T19:51:33.294121+00:00" hostname="agent-env-8234fc33-6684-4c48-a2b0-ee14470758ec"><testcase classname="tests.test_samples_sync_v26.TestHealthAndBasicEndpoints" name="test_health_endpoint" time="0.080" /><testcase classname="tests.test_samples_sync_v26.TestHealthAndBasicEndpoints" name="test_projects_list" time="0.051" /><testcase classname="tests.test_samples_sync_v26.TestSamplesEndpoints" name="test_get_samples" time="0.054" /><testcase classname="tests.test_samples_sync_v26.TestSamplesEndpoints" name="test_get_samples_by_project" time="0.091" /><testcase classname="tests.test_samples_sync_v26.TestSamplesEndpoints" name="test_create_sample" time="0.046" /><testcase classname="tests.test_samples_sync_v26.TestSamplesEndpoints" name="test_delete_sample" time="0.098" /><testcase classname="tests.test_samples_sync_v26.TestChecklistItemsAndAutoSync" name="test_get_project_details" time="0.111" /><testcase classname="tests.test_samples_sync_v26.TestChecklistItemsAndAutoSync" name="test_find_items_with_sample_status" time="0.118" /><testcase classname="tests.test_samples_sync_v26.TestChecklistItemsAndAutoSync" name="test_samples_library_contains_synced_items" time="0.162" /><testcase classname="tests.test_samples_sync_v26.TestItemStatusChange" name="test_update_item_status" time="2.840" /><testcase classname="tests.test_samples_sync_v26.TestEmailFunctionality" name="test_send_questionnaire_endpoint_exists" time="0.039" /><testcase classname="tests.test_samples_sync_v26.TestTodoAutoCreation" name="test_todos_endpoint" time="0.092" /><testcase classname="tests.test_samples_sync_v26.TestTodoAutoCreation" name="test_company_todos" time="0.043" /><testcase classname="tests.test_samples_sync_v26.TestVendorAndMaterialEndpoints" name="test_vendor_portals" time="0.047" /><testcase classname="tests.test_samples_sync_v26.TestVendorAndMaterialEndpoints" name="test_materials_endpoint" time="0.043" /><testcase classname="tests.test_samples_sync_v26.TestVendorAndMaterialEndpoints" name="test_contacts_endpoint" time="0.044" /><testcase classname="tests.test_samples_sync_v26.TestCalendarEndpoints" name="test_calendar_events" time="0.042"><failure message="assert 404 == 200&#10; +  where 404 = &lt;Response [404]&gt;.status_code">tests/test_samples_sync_v26.py:367: in test_calendar_events
    assert response.status_code == 200
E   assert 404 == 200
E    +  where 404 = &lt;Response [404]&gt;.status_code</failure></testcase><testcase classname="tests.test_samples_sync_v26.TestPunchListEndpoints" name="test_punch_list_by_project" time="0.089" /></testsuite></testsuites>