<?xml version="1.0" encoding="utf-8"?><testsuites name="pytest tests"><testsuite name="pytest" errors="0" failures="0" skipped="0" tests="17" time="2.240" timestamp="2026-01-20T21:00:57.284085+00:00" hostname="agent-env-8234fc33-6684-4c48-a2b0-ee14470758ec"><testcase classname="tests.test_finish_color_samples_sync_v28.TestFinishColorSamplesSync" name="test_01_health_check" time="0.094" /><testcase classname="tests.test_finish_color_samples_sync_v28.TestFinishColorSamplesSync" name="test_02_create_project_for_testing" time="0.103" /><testcase classname="tests.test_finish_color_samples_sync_v28.TestFinishColorSamplesSync" name="test_03_create_room_for_testing" time="0.116" /><testcase classname="tests.test_finish_color_samples_sync_v28.TestFinishColorSamplesSync" name="test_04_create_category_for_testing" time="0.086" /><testcase classname="tests.test_finish_color_samples_sync_v28.TestFinishColorSamplesSync" name="test_05_create_subcategory_for_testing" time="0.173" /><testcase classname="tests.test_finish_color_samples_sync_v28.TestFinishColorSamplesSync" name="test_06_create_item_with_image" time="0.184" /><testcase classname="tests.test_finish_color_samples_sync_v28.TestFinishColorSamplesSync" name="test_07_update_finish_color_triggers_sample_sync" time="0.273" /><testcase classname="tests.test_finish_color_samples_sync_v28.TestFinishColorSamplesSync" name="test_08_finish_color_without_slash_uses_item_vendor" time="0.216" /><testcase classname="tests.test_finish_color_samples_sync_v28.TestFinishColorSamplesSync" name="test_09_samples_endpoint_returns_correct_data" time="0.046" /><testcase classname="tests.test_finish_color_samples_sync_v28.TestFinishColorSamplesSync" name="test_10_quantity_default_is_blank" time="0.137" /><testcase classname="tests.test_finish_color_samples_sync_v28.TestMigrationEndpoint" name="test_migration_endpoint_exists" time="0.039" /><testcase classname="tests.test_finish_color_samples_sync_v28.TestSamplesAPIEndpoints" name="test_get_samples" time="0.041" /><testcase classname="tests.test_finish_color_samples_sync_v28.TestSamplesAPIEndpoints" name="test_create_sample_directly" time="0.047" /><testcase classname="tests.test_finish_color_samples_sync_v28.TestSamplesAPIEndpoints" name="test_update_sample" time="0.094" /><testcase classname="tests.test_finish_color_samples_sync_v28.TestSamplesAPIEndpoints" name="test_delete_sample" time="0.059" /><testcase classname="tests.test_finish_color_samples_sync_v28.TestFinishColorParsingLogic" name="test_kravet_blue_velvet_parsing" time="0.212" /><testcase classname="tests.test_finish_color_samples_sync_v28.TestFinishColorParsingLogic" name="test_vendor_with_spaces_parsing" time="0.210" /></testsuite></testsuites>