<?xml version="1.0" encoding="utf-8"?><testsuites name="pytest tests"><testsuite name="pytest" errors="0" failures="2" skipped="0" tests="11" time="3.442" timestamp="2026-01-12T03:11:06.656183+00:00" hostname="agent-env-8d093941-8e62-4234-8b5f-1aa6fe202622"><testcase classname="tests.test_todo_features.TestMasterToDoList" name="test_get_projects" time="0.167" /><testcase classname="tests.test_todo_features.TestMasterToDoList" name="test_get_project_todos" time="0.158" /><testcase classname="tests.test_todo_features.TestMasterToDoList" name="test_get_company_todos" time="0.037" /><testcase classname="tests.test_todo_features.TestMasterToDoList" name="test_create_todo_with_linked_item" time="1.422" /><testcase classname="tests.test_todo_features.TestChecklistStatusChange" name="test_get_checklist_items" time="0.234" /><testcase classname="tests.test_todo_features.TestChecklistStatusChange" name="test_update_item_status" time="0.991" /><testcase classname="tests.test_todo_features.TestToDoAutoComplete" name="test_completion_statuses_defined" time="0.033"><failure message="AttributeError: 'list' object has no attribute 'get'">tests/test_todo_features.py:178: in test_completion_statuses_defined
    available_statuses = [s['status'] for s in data.get('statuses', [])]
                                               ^^^^^^^^
E   AttributeError: 'list' object has no attribute 'get'</failure></testcase><testcase classname="tests.test_todo_features.TestToDoAutoComplete" name="test_auto_create_todo_statuses_defined" time="0.032"><failure message="AttributeError: 'list' object has no attribute 'get'">tests/test_todo_features.py:196: in test_auto_create_todo_statuses_defined
    available_statuses = [s['status'] for s in data.get('statuses', [])]
                                               ^^^^^^^^
E   AttributeError: 'list' object has no attribute 'get'</failure></testcase><testcase classname="tests.test_todo_features.TestMobileApp" name="test_projects_api_for_mobile" time="0.106" /><testcase classname="tests.test_todo_features.TestMobileApp" name="test_punch_list_api" time="0.155" /><testcase classname="tests.test_todo_features.TestToastNotifications" name="test_sonner_toaster_in_app" time="0.000" /></testsuite></testsuites>