<?xml version="1.0" encoding="utf-8"?><testsuites name="pytest tests"><testsuite name="pytest" errors="0" failures="2" skipped="0" tests="34" time="5.499" timestamp="2026-01-16T19:33:18.363705+00:00" hostname="agent-env-a55d4a83-f70f-4e39-9583-2b1400738e21"><testcase classname="tests.test_comprehensive_v22.TestHealthAndBasics" name="test_health_endpoint" time="0.073" /><testcase classname="tests.test_comprehensive_v22.TestHealthAndBasics" name="test_frontend_loads" time="0.048" /><testcase classname="tests.test_comprehensive_v22.TestChromeScraper" name="test_scraper_download_endpoint" time="0.045" /><testcase classname="tests.test_comprehensive_v22.TestMasterContacts" name="test_get_all_contacts" time="0.049" /><testcase classname="tests.test_comprehensive_v22.TestMasterContacts" name="test_get_contact_roles" time="0.038" /><testcase classname="tests.test_comprehensive_v22.TestMasterContacts" name="test_create_contact" time="0.079"><failure message="AssertionError: assert ('id' in {'contact': {'address': '', 'company': 'Test Construction Co', 'created_at': '2026-01-16T19:33:18.744446+00:00', 'email': 'test@builder.com', ...}, 'success': True} or 'name' in {'contact': {'address': '', 'company': 'Test Construction Co', 'created_at': '2026-01-16T19:33:18.744446+00:00', 'email': 'test@builder.com', ...}, 'success': True})">tests/test_comprehensive_v22.py:86: in test_create_contact
    assert "id" in data or "name" in data
E   AssertionError: assert ('id' in {'contact': {'address': '', 'company': 'Test Construction Co', 'created_at': '2026-01-16T19:33:18.744446+00:00', 'email': 'test@builder.com', ...}, 'success': True} or 'name' in {'contact': {'address': '', 'company': 'Test Construction Co', 'created_at': '2026-01-16T19:33:18.744446+00:00', 'email': 'test@builder.com', ...}, 'success': True})</failure></testcase><testcase classname="tests.test_comprehensive_v22.TestMasterContacts" name="test_search_contacts" time="0.043" /><testcase classname="tests.test_comprehensive_v22.TestProjects" name="test_get_all_projects" time="0.085" /><testcase classname="tests.test_comprehensive_v22.TestProjects" name="test_get_project_detail" time="0.220" /><testcase classname="tests.test_comprehensive_v22.TestProjects" name="test_get_project_checklist" time="0.119" /><testcase classname="tests.test_comprehensive_v22.TestProjects" name="test_get_project_ffe" time="0.130" /><testcase classname="tests.test_comprehensive_v22.TestProjects" name="test_get_project_walkthrough" time="0.147" /><testcase classname="tests.test_comprehensive_v22.TestCalendar" name="test_get_calendar_events" time="0.039" /><testcase classname="tests.test_comprehensive_v22.TestCalendar" name="test_get_external_calendar_events" time="0.039" /><testcase classname="tests.test_comprehensive_v22.TestCalendar" name="test_get_calendar_connections" time="0.037" /><testcase classname="tests.test_comprehensive_v22.TestCalendar" name="test_create_calendar_event" time="0.072" /><testcase classname="tests.test_comprehensive_v22.TestTodos" name="test_get_company_todos" time="0.038" /><testcase classname="tests.test_comprehensive_v22.TestTodos" name="test_get_project_todos" time="0.130" /><testcase classname="tests.test_comprehensive_v22.TestTodos" name="test_create_todo" time="0.184" /><testcase classname="tests.test_comprehensive_v22.TestPunchList" name="test_get_punch_list" time="0.136" /><testcase classname="tests.test_comprehensive_v22.TestPunchList" name="test_create_punch_item" time="1.307" /><testcase classname="tests.test_comprehensive_v22.TestItems" name="test_get_items" time="0.038" /><testcase classname="tests.test_comprehensive_v22.TestItems" name="test_update_item_status" time="1.356" /><testcase classname="tests.test_comprehensive_v22.TestSamples" name="test_get_samples" time="0.037" /><testcase classname="tests.test_comprehensive_v22.TestVendors" name="test_get_vendors" time="0.038" /><testcase classname="tests.test_comprehensive_v22.TestVendors" name="test_get_vendor_portals" time="0.039" /><testcase classname="tests.test_comprehensive_v22.TestShipping" name="test_get_shipping" time="0.038" /><testcase classname="tests.test_comprehensive_v22.TestPublicRoutes" name="test_customer_questionnaire" time="0.034" /><testcase classname="tests.test_comprehensive_v22.TestPublicRoutes" name="test_customer_portal" time="0.040" /><testcase classname="tests.test_comprehensive_v22.TestBuilderContactSync" name="test_builder_sync_flow" time="0.125" /><testcase classname="tests.test_comprehensive_v22.TestDataPersistence" name="test_todo_persistence" time="0.203"><failure message="AssertionError: Todo not found after creation - persistence issue&#10;assert False">tests/test_comprehensive_v22.py:395: in test_todo_persistence
    assert found, "Todo not found after creation - persistence issue"
E   AssertionError: Todo not found after creation - persistence issue
E   assert False</failure></testcase><testcase classname="tests.test_comprehensive_v22.TestChecklists" name="test_get_checklist_items" time="0.188" /><testcase classname="tests.test_comprehensive_v22.TestExports" name="test_export_endpoint" time="0.117" /><testcase classname="tests.test_comprehensive_v22.TestMasterDatabase" name="test_master_materials" time="0.048" /></testsuite></testsuites>