<?xml version="1.0" encoding="utf-8"?><testsuites name="pytest tests"><testsuite name="pytest" errors="0" failures="2" skipped="0" tests="39" time="58.909" timestamp="2026-01-16T23:13:05.556733+00:00" hostname="agent-env-ca52b422-b62f-4a1f-8761-c67e4b3a8528"><testcase classname="tests.test_e2e_comprehensive_v24_fixed.TestHealthAndBasics" name="test_health_endpoint" time="0.074" /><testcase classname="tests.test_e2e_comprehensive_v24_fixed.TestHealthAndBasics" name="test_root_endpoint" time="0.043" /><testcase classname="tests.test_e2e_comprehensive_v24_fixed.TestProjectsCRUD" name="test_get_all_projects" time="0.089" /><testcase classname="tests.test_e2e_comprehensive_v24_fixed.TestProjectsCRUD" name="test_get_project_by_id" time="0.181" /><testcase classname="tests.test_e2e_comprehensive_v24_fixed.TestProjectsCRUD" name="test_project_has_rooms" time="0.094" /><testcase classname="tests.test_e2e_comprehensive_v24_fixed.TestMasterContacts" name="test_get_master_contacts" time="0.039" /><testcase classname="tests.test_e2e_comprehensive_v24_fixed.TestMasterContacts" name="test_create_contact" time="0.082" /><testcase classname="tests.test_e2e_comprehensive_v24_fixed.TestMasterContacts" name="test_update_contact" time="0.076"><failure message="AssertionError: assert None == 'Updated Company Name'&#10; +  where None = &lt;built-in method get of dict object at 0xfd3d0f461940&gt;('company')&#10; +    where &lt;built-in method get of dict object at 0xfd3d0f461940&gt; = {'message': 'Contact updated', 'success': True}.get">tests/test_e2e_comprehensive_v24_fixed.py:135: in test_update_contact
    assert updated.get('company') == "Updated Company Name"
E   AssertionError: assert None == 'Updated Company Name'
E    +  where None = &lt;built-in method get of dict object at 0xfd3d0f461940&gt;('company')
E    +    where &lt;built-in method get of dict object at 0xfd3d0f461940&gt; = {'message': 'Contact updated', 'success': True}.get</failure></testcase><testcase classname="tests.test_e2e_comprehensive_v24_fixed.TestMasterContacts" name="test_delete_contact" time="0.079" /><testcase classname="tests.test_e2e_comprehensive_v24_fixed.TestMasterMaterials" name="test_get_master_materials" time="0.043" /><testcase classname="tests.test_e2e_comprehensive_v24_fixed.TestMasterMaterials" name="test_create_material" time="0.046" /><testcase classname="tests.test_e2e_comprehensive_v24_fixed.TestCompanyTodos" name="test_get_company_todos" time="0.041" /><testcase classname="tests.test_e2e_comprehensive_v24_fixed.TestCompanyTodos" name="test_create_company_todo" time="1.152"><failure message="AssertionError: assert None == 'TEST_CompanyTodo_ca819668'&#10; +  where None = &lt;built-in method get of dict object at 0xfd3d0ed68640&gt;('title')&#10; +    where &lt;built-in method get of dict object at 0xfd3d0ed68640&gt; = {'assigned_to': '', 'completed': False, 'created_at': '2026-01-16T23:13:06.606393+00:00', 'deadline': None, ...}.get">tests/test_e2e_comprehensive_v24_fixed.py:218: in test_create_company_todo
    assert created.get('title') == todo_data['title']
E   AssertionError: assert None == 'TEST_CompanyTodo_ca819668'
E    +  where None = &lt;built-in method get of dict object at 0xfd3d0ed68640&gt;('title')
E    +    where &lt;built-in method get of dict object at 0xfd3d0ed68640&gt; = {'assigned_to': '', 'completed': False, 'created_at': '2026-01-16T23:13:06.606393+00:00', 'deadline': None, ...}.get</failure></testcase><testcase classname="tests.test_e2e_comprehensive_v24_fixed.TestCompanyTodos" name="test_update_company_todo" time="1.099" /><testcase classname="tests.test_e2e_comprehensive_v24_fixed.TestPunchList" name="test_get_punch_list" time="0.130" /><testcase classname="tests.test_e2e_comprehensive_v24_fixed.TestPunchList" name="test_create_punch_item" time="1.263" /><testcase classname="tests.test_e2e_comprehensive_v24_fixed.TestCalendarEvents" name="test_get_calendar_events" time="0.039" /><testcase classname="tests.test_e2e_comprehensive_v24_fixed.TestCalendarEvents" name="test_create_calendar_event" time="0.163" /><testcase classname="tests.test_e2e_comprehensive_v24_fixed.TestCalendarEvents" name="test_delete_calendar_event" time="0.158" /><testcase classname="tests.test_e2e_comprehensive_v24_fixed.TestSamples" name="test_get_samples" time="0.040" /><testcase classname="tests.test_e2e_comprehensive_v24_fixed.TestSamples" name="test_create_sample" time="0.215" /><testcase classname="tests.test_e2e_comprehensive_v24_fixed.TestItems" name="test_get_item_statuses" time="0.041" /><testcase classname="tests.test_e2e_comprehensive_v24_fixed.TestItems" name="test_get_vendor_types" time="0.037" /><testcase classname="tests.test_e2e_comprehensive_v24_fixed.TestItems" name="test_get_carrier_types" time="0.036" /><testcase classname="tests.test_e2e_comprehensive_v24_fixed.TestItems" name="test_update_item_status" time="2.521" /><testcase classname="tests.test_e2e_comprehensive_v24_fixed.TestRoomColors" name="test_get_room_colors" time="0.042" /><testcase classname="tests.test_e2e_comprehensive_v24_fixed.TestRoomColors" name="test_get_category_colors" time="0.035" /><testcase classname="tests.test_e2e_comprehensive_v24_fixed.TestScraper" name="test_scrape_product_endpoint" time="49.513" /><testcase classname="tests.test_e2e_comprehensive_v24_fixed.TestExports" name="test_export_project_pdf" time="0.186" /><testcase classname="tests.test_e2e_comprehensive_v24_fixed.TestDataPersistence" name="test_contact_persistence" time="0.122" /><testcase classname="tests.test_e2e_comprehensive_v24_fixed.TestDataPersistence" name="test_calendar_event_persistence" time="0.216" /><testcase classname="tests.test_e2e_comprehensive_v24_fixed.TestVendorDatabase" name="test_get_vendor_database" time="0.040" /><testcase classname="tests.test_e2e_comprehensive_v24_fixed.TestFurnitureSearch" name="test_furniture_search" time="0.041" /><testcase classname="tests.test_e2e_comprehensive_v24_fixed.TestFurnitureSearch" name="test_furniture_vendors" time="0.041" /><testcase classname="tests.test_e2e_comprehensive_v24_fixed.TestFurnitureSearch" name="test_furniture_categories" time="0.041" /><testcase classname="tests.test_e2e_comprehensive_v24_fixed.TestShippingTracking" name="test_project_tracking" time="0.133" /><testcase classname="tests.test_e2e_comprehensive_v24_fixed.TestWalkthroughAndChecklist" name="test_sync_walkthrough_to_checklist" time="0.233" /><testcase classname="tests.test_e2e_comprehensive_v24_fixed.TestWalkthroughAndChecklist" name="test_get_sync_status" time="0.178" /><testcase classname="tests.test_e2e_comprehensive_v24_fixed.TestProjectTodos" name="test_get_project_todos" time="0.158" /></testsuite></testsuites>