<?xml version="1.0" encoding="utf-8"?><testsuites name="pytest tests"><testsuite name="pytest" errors="0" failures="0" skipped="0" tests="16" time="0.918" timestamp="2026-01-23T19:25:40.639024+00:00" hostname="agent-env-d71054e8-9aba-4a10-8694-81f367084ec7"><testcase classname="tests.test_paint_and_contacts.TestPaintColorsAPI" name="test_paint_colors_endpoint_returns_200" time="0.099" /><testcase classname="tests.test_paint_and_contacts.TestPaintColorsAPI" name="test_paint_colors_returns_data_structure" time="0.043" /><testcase classname="tests.test_paint_and_contacts.TestPaintColorsAPI" name="test_paint_colors_has_sherwin_williams" time="0.038" /><testcase classname="tests.test_paint_and_contacts.TestPaintColorsAPI" name="test_paint_colors_has_benjamin_moore" time="0.037" /><testcase classname="tests.test_paint_and_contacts.TestPaintColorsAPI" name="test_paint_colors_has_farrow_ball" time="0.038" /><testcase classname="tests.test_paint_and_contacts.TestPaintColorsAPI" name="test_paint_colors_has_color_names" time="0.041" /><testcase classname="tests.test_paint_and_contacts.TestPaintColorsAPI" name="test_paint_colors_count" time="0.037" /><testcase classname="tests.test_paint_and_contacts.TestMasterContactsAPI" name="test_master_contacts_returns_200" time="0.046" /><testcase classname="tests.test_paint_and_contacts.TestMasterContactsAPI" name="test_master_contacts_returns_list" time="0.044" /><testcase classname="tests.test_paint_and_contacts.TestMasterContactsAPI" name="test_master_contacts_has_expected_count" time="0.042" /><testcase classname="tests.test_paint_and_contacts.TestMasterContactsAPI" name="test_master_contacts_vendor_filter" time="0.047" /><testcase classname="tests.test_paint_and_contacts.TestMasterContactsAPI" name="test_master_contacts_contact_filter" time="0.036" /><testcase classname="tests.test_paint_and_contacts.TestMasterContactsAPI" name="test_master_contacts_has_required_fields" time="0.036" /><testcase classname="tests.test_paint_and_contacts.TestMasterContactsAPI" name="test_master_contacts_search_filter" time="0.049" /><testcase classname="tests.test_paint_and_contacts.TestMasterContactsAPI" name="test_master_contacts_roles_list" time="0.039" /><testcase classname="tests.test_paint_and_contacts.TestContactsCRUD" name="test_create_and_delete_contact" time="0.162" /></testsuite></testsuites>