<?xml version="1.0" encoding="utf-8"?><testsuites name="pytest tests"><testsuite name="pytest" errors="0" failures="0" skipped="0" tests="19" time="9.797" timestamp="2026-04-11T15:35:06.032341+00:00" hostname="agent-env-0dbb52ad-1442-4f07-b5b1-bf66656b8922"><testcase classname="tests.test_finish_schedules_v46.TestFinishScheduleAPI" name="test_get_projects" time="0.462" /><testcase classname="tests.test_finish_schedules_v46.TestFinishScheduleAPI" name="test_get_finish_schedules" time="0.462" /><testcase classname="tests.test_finish_schedules_v46.TestFinishScheduleAPI" name="test_schedule_has_surfaces" time="0.349" /><testcase classname="tests.test_finish_schedules_v46.TestFinishScheduleAPI" name="test_surface_has_zone_config" time="0.347" /><testcase classname="tests.test_finish_schedules_v46.TestFinishScheduleAPI" name="test_surface_has_niches_benches_fixtures" time="0.352" /><testcase classname="tests.test_finish_schedules_v46.TestFinishScheduleAPI" name="test_update_material_with_tile_scale" time="0.458" /><testcase classname="tests.test_finish_schedules_v46.TestFinishScheduleAPI" name="test_update_material_with_full_image_crop" time="0.450" /><testcase classname="tests.test_finish_schedules_v46.TestFinishScheduleAPI" name="test_update_zone_config" time="0.437" /><testcase classname="tests.test_finish_schedules_v46.TestFinishScheduleAPI" name="test_create_niche" time="0.433" /><testcase classname="tests.test_finish_schedules_v46.TestFinishScheduleAPI" name="test_create_bench" time="0.446" /><testcase classname="tests.test_finish_schedules_v46.TestFinishScheduleAPI" name="test_create_fixture" time="0.451" /><testcase classname="tests.test_finish_schedules_v46.TestFinishScheduleAPI" name="test_ceiling_surface_exists" time="0.327" /><testcase classname="tests.test_finish_schedules_v46.TestFinishScheduleAPI" name="test_floor_surface_exists" time="0.345" /><testcase classname="tests.test_finish_schedules_v46.TestFinishScheduleAPI" name="test_place_tile_on_ceiling" time="0.428" /><testcase classname="tests.test_finish_schedules_v46.TestFinishScheduleAPI" name="test_place_tile_on_floor" time="0.425" /><testcase classname="tests.test_finish_schedules_v46.TestFinishScheduleAPI" name="test_all_9_patterns_supported" time="1.334" /><testcase classname="tests.test_finish_schedules_v46.TestFinishScheduleAPI" name="test_grout_colors" time="0.986" /><testcase classname="tests.test_finish_schedules_v46.TestFinishScheduleAPI" name="test_tile_orientation" time="0.560" /><testcase classname="tests.test_finish_schedules_v46.TestFinishScheduleAPI" name="test_proxy_image_endpoint" time="0.683" /></testsuite></testsuites>