<?xml version="1.0" encoding="utf-8"?><testsuites name="pytest tests"><testsuite name="pytest" errors="0" failures="2" skipped="0" tests="26" time="6.328" timestamp="2026-01-06T05:34:34.842302+00:00" hostname="agent-env-ed34427e-965f-4c15-b4f9-3c0d0bb3a3d1"><testcase classname="tests.test_interior_design_api.TestHealthAndBasicEndpoints" name="test_api_health" time="0.155" /><testcase classname="tests.test_interior_design_api.TestHealthAndBasicEndpoints" name="test_room_colors_endpoint" time="0.041" /><testcase classname="tests.test_interior_design_api.TestHealthAndBasicEndpoints" name="test_category_colors_endpoint" time="0.033" /><testcase classname="tests.test_interior_design_api.TestHealthAndBasicEndpoints" name="test_item_statuses_endpoint" time="0.040" /><testcase classname="tests.test_interior_design_api.TestHealthAndBasicEndpoints" name="test_vendor_types_endpoint" time="0.038" /><testcase classname="tests.test_interior_design_api.TestHealthAndBasicEndpoints" name="test_carrier_types_endpoint" time="0.036" /><testcase classname="tests.test_interior_design_api.TestProjectsCRUD" name="test_get_all_projects" time="0.125" /><testcase classname="tests.test_interior_design_api.TestProjectsCRUD" name="test_create_project" time="0.044" /><testcase classname="tests.test_interior_design_api.TestProjectsCRUD" name="test_get_project_by_id" time="0.251" /><testcase classname="tests.test_interior_design_api.TestProjectsCRUD" name="test_get_project_with_ffe_sheet_type" time="0.235" /><testcase classname="tests.test_interior_design_api.TestProjectsCRUD" name="test_get_project_with_checklist_sheet_type" time="0.214" /><testcase classname="tests.test_interior_design_api.TestRoomsCRUD" name="test_create_room" time="0.177" /><testcase classname="tests.test_interior_design_api.TestRoomsCRUD" name="test_get_room_by_id" time="0.173" /><testcase classname="tests.test_interior_design_api.TestItemsCRUD" name="test_create_item" time="0.207" /><testcase classname="tests.test_interior_design_api.TestItemsCRUD" name="test_update_item" time="0.163" /><testcase classname="tests.test_interior_design_api.TestExportEndpoints" name="test_electrician_sheet_export" time="0.329" /><testcase classname="tests.test_interior_design_api.TestExportEndpoints" name="test_load_in_sheets_export" time="0.305" /><testcase classname="tests.test_interior_design_api.TestExportEndpoints" name="test_movers_ffe_export" time="0.317" /><testcase classname="tests.test_interior_design_api.TestBackgroundRemoval" name="test_background_removal_endpoint_exists" time="2.552" /><testcase classname="tests.test_interior_design_api.TestChromeExtensionDownload" name="test_chrome_extension_download" time="0.065" /><testcase classname="tests.test_interior_design_api.TestContactsAndMaterials" name="test_contacts_endpoint" time="0.038"><failure message="AssertionError: assert False&#10; +  where False = isinstance({'contacts': [], 'count': 0, 'success': True}, list)">tests/test_interior_design_api.py:350: in test_contacts_endpoint
    assert isinstance(data, list)
E   AssertionError: assert False
E    +  where False = isinstance({'contacts': [], 'count': 0, 'success': True}, list)</failure></testcase><testcase classname="tests.test_interior_design_api.TestContactsAndMaterials" name="test_materials_endpoint" time="0.079" /><testcase classname="tests.test_interior_design_api.TestContactsAndMaterials" name="test_products_endpoint" time="0.033"><failure message="AssertionError: Products endpoint failed: 404&#10;assert 404 == 200&#10; +  where 404 = &lt;Response [404]&gt;.status_code">tests/test_interior_design_api.py:364: in test_products_endpoint
    assert response.status_code == 200, f"Products endpoint failed: {response.status_code}"
E   AssertionError: Products endpoint failed: 404
E   assert 404 == 200
E    +  where 404 = &lt;Response [404]&gt;.status_code</failure></testcase><testcase classname="tests.test_interior_design_api.TestItemFieldsValidation" name="test_item_has_remarks_field" time="0.172" /><testcase classname="tests.test_interior_design_api.TestItemFieldsValidation" name="test_item_has_installation_notes_field" time="0.179" /><testcase classname="tests.test_interior_design_api.TestCleanup" name="test_cleanup_test_projects" time="0.199" /></testsuite></testsuites>