<?xml version="1.0" encoding="utf-8"?><testsuites name="pytest tests"><testsuite name="pytest" errors="0" failures="0" skipped="0" tests="9" time="1.321" timestamp="2026-03-23T01:13:45.368799+00:00" hostname="agent-env-22ddd17c-40ca-4c8b-af38-be4db1d8ff36"><testcase classname="tests.test_finish_schedules_v41.TestFinishScheduleCRUD" name="test_01_get_room_finish_schedules" time="0.230" /><testcase classname="tests.test_finish_schedules_v41.TestFinishScheduleCRUD" name="test_02_create_finish_schedule" time="0.129" /><testcase classname="tests.test_finish_schedules_v41.TestFinishScheduleCRUD" name="test_03_update_finish_schedule" time="0.161" /><testcase classname="tests.test_finish_schedules_v41.TestFinishScheduleCRUD" name="test_04_verify_update_persisted" time="0.113" /><testcase classname="tests.test_finish_schedules_v41.TestFinishScheduleCRUD" name="test_05_delete_finish_schedule" time="0.105" /><testcase classname="tests.test_finish_schedules_v41.TestFinishScheduleCRUD" name="test_06_verify_delete" time="0.115" /><testcase classname="tests.test_finish_schedules_v41.TestFinishSchedulePatterns" name="test_pattern_values" time="0.110" /><testcase classname="tests.test_finish_schedules_v41.TestProjectAndRoomEndpoints" name="test_get_project" time="0.160" /><testcase classname="tests.test_finish_schedules_v41.TestProjectAndRoomEndpoints" name="test_get_projects_list" time="0.131" /></testsuite></testsuites>