<?xml version="1.0" encoding="utf-8"?><testsuites name="pytest tests"><testsuite name="pytest" errors="0" failures="0" skipped="0" tests="12" time="1.798" timestamp="2026-03-19T05:40:54.956855+00:00" hostname="agent-env-8884589e-e54c-4af2-bf9b-7d140c570974"><testcase classname="backend.tests.test_finish_schedules.TestFinishSchedulesAPI" name="test_get_project_exists" time="0.205" /><testcase classname="backend.tests.test_finish_schedules.TestFinishSchedulesAPI" name="test_get_finish_schedules_for_room" time="0.109" /><testcase classname="backend.tests.test_finish_schedules.TestFinishSchedulesAPI" name="test_get_existing_schedule_with_measurement_line" time="0.115" /><testcase classname="backend.tests.test_finish_schedules.TestFinishSchedulesAPI" name="test_create_finish_schedule_tile" time="0.101" /><testcase classname="backend.tests.test_finish_schedules.TestFinishSchedulesAPI" name="test_create_finish_schedule_paint_wallpaper" time="0.105" /><testcase classname="backend.tests.test_finish_schedules.TestFinishSchedulesAPI" name="test_create_finish_schedule_wood_mixed" time="0.113" /><testcase classname="backend.tests.test_finish_schedules.TestFinishSchedulesAPI" name="test_update_finish_schedule_add_measurement_lines" time="0.108" /><testcase classname="backend.tests.test_finish_schedules.TestFinishSchedulesAPI" name="test_update_finish_schedule_add_surfaces_with_materials" time="0.206" /><testcase classname="backend.tests.test_finish_schedules.TestFinishSchedulesAPI" name="test_delete_finish_schedule" time="0.106" /><testcase classname="backend.tests.test_finish_schedules.TestFinishSchedulesAPI" name="test_delete_nonexistent_schedule" time="0.322" /><testcase classname="backend.tests.test_finish_schedules.TestFinishSchedulesDataIntegrity" name="test_schedule_surfaces_have_measurement_lines_field" time="0.098" /><testcase classname="backend.tests.test_finish_schedules.TestFinishSchedulesDataIntegrity" name="test_project_rooms_listed" time="0.139" /></testsuite></testsuites>