<?xml version="1.0" encoding="utf-8"?><testsuites name="pytest tests"><testsuite name="pytest" errors="0" failures="0" skipped="0" tests="11" time="2.491" timestamp="2026-01-12T03:11:48.091985+00:00" hostname="agent-env-8d093941-8e62-4234-8b5f-1aa6fe202622"><testcase classname="tests.test_todo_features.TestMasterToDoList" name="test_get_projects" time="0.129" /><testcase classname="tests.test_todo_features.TestMasterToDoList" name="test_get_project_todos" time="0.152" /><testcase classname="tests.test_todo_features.TestMasterToDoList" name="test_get_company_todos" time="0.039" /><testcase classname="tests.test_todo_features.TestMasterToDoList" name="test_create_todo_with_linked_item" time="1.294" /><testcase classname="tests.test_todo_features.TestChecklistStatusChange" name="test_get_checklist_items" time="0.208" /><testcase classname="tests.test_todo_features.TestChecklistStatusChange" name="test_update_item_status" time="0.270" /><testcase classname="tests.test_todo_features.TestToDoAutoComplete" name="test_completion_statuses_defined" time="0.036" /><testcase classname="tests.test_todo_features.TestToDoAutoComplete" name="test_auto_create_todo_statuses_defined" time="0.035" /><testcase classname="tests.test_todo_features.TestMobileApp" name="test_projects_api_for_mobile" time="0.116" /><testcase classname="tests.test_todo_features.TestMobileApp" name="test_punch_list_api" time="0.138" /><testcase classname="tests.test_todo_features.TestToastNotifications" name="test_sonner_toaster_in_app" time="0.000" /></testsuite></testsuites>