<?xml version="1.0" encoding="utf-8"?><testsuites name="pytest tests"><testsuite name="pytest" errors="0" failures="0" skipped="0" tests="4" time="0.237" timestamp="2026-01-22T07:16:12.783601+00:00" hostname="agent-env-18331e38-76cf-4998-ad5a-b6663e8faf4d"><testcase classname="tests.test_calendar_endpoints.TestGoogleCalendarEndpoints" name="test_google_calendar_status_endpoint" time="0.059" /><testcase classname="tests.test_calendar_endpoints.TestGoogleCalendarEndpoints" name="test_google_calendar_sync_endpoint_without_connection" time="0.036" /><testcase classname="tests.test_calendar_endpoints.TestGoogleCalendarEndpoints" name="test_google_calendar_login_endpoint" time="0.039" /><testcase classname="tests.test_calendar_endpoints.TestHealthEndpoint" name="test_health_endpoint" time="0.039" /></testsuite></testsuites>