<?xml version="1.0" encoding="utf-8"?><testsuites name="pytest tests"><testsuite name="pytest" errors="0" failures="0" skipped="0" tests="12" time="2.292" timestamp="2026-02-12T05:16:23.873829+00:00" hostname="agent-env-1759e712-4c51-4204-8bf5-27c4cfd3ec04"><testcase classname="tests.test_iteration_33.TestHealthAndBasicAPIs" name="test_health_endpoint" time="0.129" /><testcase classname="tests.test_iteration_33.TestHealthAndBasicAPIs" name="test_projects_list" time="0.050" /><testcase classname="tests.test_iteration_33.TestProjectLoading" name="test_venture_dr_project_loads" time="0.043" /><testcase classname="tests.test_iteration_33.TestProjectLoading" name="test_project_walkthrough_view" time="0.052" /><testcase classname="tests.test_iteration_33.TestProjectLoading" name="test_project_ffe_view" time="0.040" /><testcase classname="tests.test_iteration_33.TestToDoAPIs" name="test_get_todos_for_project" time="0.041" /><testcase classname="tests.test_iteration_33.TestToDoAPIs" name="test_create_and_update_todo" time="1.629" /><testcase classname="tests.test_iteration_33.TestItemStatuses" name="test_get_item_statuses" time="0.038" /><testcase classname="tests.test_iteration_33.TestRoomAndCategoryAPIs" name="test_get_rooms_for_project" time="0.081" /><testcase classname="tests.test_iteration_33.TestRoomAndCategoryAPIs" name="test_categories_available" time="0.037" /><testcase classname="tests.test_iteration_33.TestSyncAPIs" name="test_sync_status" time="0.045" /><testcase classname="tests.test_iteration_33.TestRoomColors" name="test_get_room_colors" time="0.041" /></testsuite></testsuites>