<?xml version="1.0" encoding="utf-8"?><testsuites name="pytest tests"><testsuite name="pytest" errors="0" failures="7" skipped="0" tests="15" time="1.500" timestamp="2026-01-20T20:59:28.239307+00:00" hostname="agent-env-8234fc33-6684-4c48-a2b0-ee14470758ec"><testcase classname="tests.test_finish_color_samples_sync_v28.TestFinishColorSamplesSync" name="test_01_health_check" time="0.087" /><testcase classname="tests.test_finish_color_samples_sync_v28.TestFinishColorSamplesSync" name="test_02_create_project_for_testing" time="0.059" /><testcase classname="tests.test_finish_color_samples_sync_v28.TestFinishColorSamplesSync" name="test_03_create_room_for_testing" time="0.064" /><testcase classname="tests.test_finish_color_samples_sync_v28.TestFinishColorSamplesSync" name="test_04_create_category_for_testing" time="0.113" /><testcase classname="tests.test_finish_color_samples_sync_v28.TestFinishColorSamplesSync" name="test_05_create_subcategory_for_testing" time="0.125" /><testcase classname="tests.test_finish_color_samples_sync_v28.TestFinishColorSamplesSync" name="test_06_create_item_with_image" time="0.174" /><testcase classname="tests.test_finish_color_samples_sync_v28.TestFinishColorSamplesSync" name="test_07_update_finish_color_triggers_sample_sync" time="0.158"><failure message="AttributeError: 'str' object has no attribute 'get'">tests/test_finish_color_samples_sync_v28.py:189: in test_07_update_finish_color_triggers_sample_sync
    if sample.get("linked_item_id") == self.created_item_id:
       ^^^^^^^^^^
E   AttributeError: 'str' object has no attribute 'get'</failure></testcase><testcase classname="tests.test_finish_color_samples_sync_v28.TestFinishColorSamplesSync" name="test_08_finish_color_without_slash_uses_item_vendor" time="0.149"><failure message="AttributeError: 'str' object has no attribute 'get'">tests/test_finish_color_samples_sync_v28.py:235: in test_08_finish_color_without_slash_uses_item_vendor
    if sample.get("linked_item_id") == self.created_item_id:
       ^^^^^^^^^^
E   AttributeError: 'str' object has no attribute 'get'</failure></testcase><testcase classname="tests.test_finish_color_samples_sync_v28.TestFinishColorSamplesSync" name="test_09_samples_endpoint_returns_correct_data" time="0.043"><failure message="AssertionError: Samples should be a list&#10;assert False&#10; +  where False = isinstance({'count': 5, 'samples': [{'color': 'Navy Blue', 'cost': 0, 'created_at': '2026-01-20T19:47:46.628886+00:00', 'expected_date': None, ...}, {'color': '', 'cost': 0, 'created_at': '2026-01-20T19:50:26.619641+00:00', 'expected_date': '', ...}, {'color': 'Navy Blue', 'cost': 0, 'created_at': '2026-01-20T19:51:33.687751+00:00', 'expected_date': None, ...}, {'color': 'TestVendor_TEST_V28_d91834/TestFinish_TEST_V28_d91834', 'cost': 0.0, 'created_at': '2026-01-20T20:59:29.080911+00:00', 'expected_date': '', ...}, {'color': 'SimpleFinish_TEST_V28_d4aeb1', 'cost': 0.0, 'created_at': '2026-01-20T20:59:29.254814+00:00', 'expected_date': '', ...}], 'success': True}, list)">tests/test_finish_color_samples_sync_v28.py:257: in test_09_samples_endpoint_returns_correct_data
    assert isinstance(samples, list), "Samples should be a list"
E   AssertionError: Samples should be a list
E   assert False
E    +  where False = isinstance({'count': 5, 'samples': [{'color': 'Navy Blue', 'cost': 0, 'created_at': '2026-01-20T19:47:46.628886+00:00', 'expected_date': None, ...}, {'color': '', 'cost': 0, 'created_at': '2026-01-20T19:50:26.619641+00:00', 'expected_date': '', ...}, {'color': 'Navy Blue', 'cost': 0, 'created_at': '2026-01-20T19:51:33.687751+00:00', 'expected_date': None, ...}, {'color': 'TestVendor_TEST_V28_d91834/TestFinish_TEST_V28_d91834', 'cost': 0.0, 'created_at': '2026-01-20T20:59:29.080911+00:00', 'expected_date': '', ...}, {'color': 'SimpleFinish_TEST_V28_d4aeb1', 'cost': 0.0, 'created_at': '2026-01-20T20:59:29.254814+00:00', 'expected_date': '', ...}], 'success': True}, list)</failure></testcase><testcase classname="tests.test_finish_color_samples_sync_v28.TestFinishColorSamplesSync" name="test_10_quantity_default_is_blank" time="0.135" /><testcase classname="tests.test_finish_color_samples_sync_v28.TestMigrationEndpoint" name="test_migration_endpoint_exists" time="0.080" /><testcase classname="tests.test_finish_color_samples_sync_v28.TestSamplesAPIEndpoints" name="test_get_samples" time="0.040"><failure message="AssertionError: assert False&#10; +  where False = isinstance({'count': 5, 'samples': [{'color': 'Navy Blue', 'cost': 0, 'created_at': '2026-01-20T19:47:46.628886+00:00', 'expected_date': None, ...}, {'color': '', 'cost': 0, 'created_at': '2026-01-20T19:50:26.619641+00:00', 'expected_date': '', ...}, {'color': 'Navy Blue', 'cost': 0, 'created_at': '2026-01-20T19:51:33.687751+00:00', 'expected_date': None, ...}, {'color': 'TestVendor_TEST_V28_d91834/TestFinish_TEST_V28_d91834', 'cost': 0.0, 'created_at': '2026-01-20T20:59:29.080911+00:00', 'expected_date': '', ...}, {'color': 'SimpleFinish_TEST_V28_d4aeb1', 'cost': 0.0, 'created_at': '2026-01-20T20:59:29.254814+00:00', 'expected_date': '', ...}], 'success': True}, list)">tests/test_finish_color_samples_sync_v28.py:336: in test_get_samples
    assert isinstance(data, list)
E   AssertionError: assert False
E    +  where False = isinstance({'count': 5, 'samples': [{'color': 'Navy Blue', 'cost': 0, 'created_at': '2026-01-20T19:47:46.628886+00:00', 'expected_date': None, ...}, {'color': '', 'cost': 0, 'created_at': '2026-01-20T19:50:26.619641+00:00', 'expected_date': '', ...}, {'color': 'Navy Blue', 'cost': 0, 'created_at': '2026-01-20T19:51:33.687751+00:00', 'expected_date': None, ...}, {'color': 'TestVendor_TEST_V28_d91834/TestFinish_TEST_V28_d91834', 'cost': 0.0, 'created_at': '2026-01-20T20:59:29.080911+00:00', 'expected_date': '', ...}, {'color': 'SimpleFinish_TEST_V28_d4aeb1', 'cost': 0.0, 'created_at': '2026-01-20T20:59:29.254814+00:00', 'expected_date': '', ...}], 'success': True}, list)</failure></testcase><testcase classname="tests.test_finish_color_samples_sync_v28.TestSamplesAPIEndpoints" name="test_create_sample_directly" time="0.045"><failure message="AssertionError: Sample ID not returned&#10;assert None&#10; +  where None = &lt;tests.test_finish_color_samples_sync_v28.TestSamplesAPIEndpoints object at 0xfcba77f9aad0&gt;.created_sample_id">tests/test_finish_color_samples_sync_v28.py:356: in test_create_sample_directly
    assert self.created_sample_id, "Sample ID not returned"
E   AssertionError: Sample ID not returned
E   assert None
E    +  where None = &lt;tests.test_finish_color_samples_sync_v28.TestSamplesAPIEndpoints object at 0xfcba77f9aad0&gt;.created_sample_id</failure></testcase><testcase classname="tests.test_finish_color_samples_sync_v28.TestSamplesAPIEndpoints" name="test_update_sample" time="0.040"><failure message="AssertionError: Sample ID not returned&#10;assert None&#10; +  where None = &lt;tests.test_finish_color_samples_sync_v28.TestSamplesAPIEndpoints object at 0xfcba77b32150&gt;.created_sample_id">tests/test_finish_color_samples_sync_v28.py:364: in test_update_sample
    self.test_create_sample_directly()
tests/test_finish_color_samples_sync_v28.py:356: in test_create_sample_directly
    assert self.created_sample_id, "Sample ID not returned"
E   AssertionError: Sample ID not returned
E   assert None
E    +  where None = &lt;tests.test_finish_color_samples_sync_v28.TestSamplesAPIEndpoints object at 0xfcba77b32150&gt;.created_sample_id</failure></testcase><testcase classname="tests.test_finish_color_samples_sync_v28.TestSamplesAPIEndpoints" name="test_delete_sample" time="0.042"><failure message="AssertionError: Sample ID not returned&#10;assert None&#10; +  where None = &lt;tests.test_finish_color_samples_sync_v28.TestSamplesAPIEndpoints object at 0xfcba77b31950&gt;.created_sample_id">tests/test_finish_color_samples_sync_v28.py:381: in test_delete_sample
    self.test_create_sample_directly()
tests/test_finish_color_samples_sync_v28.py:356: in test_create_sample_directly
    assert self.created_sample_id, "Sample ID not returned"
E   AssertionError: Sample ID not returned
E   assert None
E    +  where None = &lt;tests.test_finish_color_samples_sync_v28.TestSamplesAPIEndpoints object at 0xfcba77b31950&gt;.created_sample_id</failure></testcase></testsuite></testsuites>