<?xml version="1.0" encoding="utf-8"?><testsuites name="pytest tests"><testsuite name="pytest" errors="0" failures="0" skipped="0" tests="8" time="2.101" timestamp="2026-03-01T00:12:50.464455+00:00" hostname="agent-env-0566bc44-b8b9-49c1-80b9-b8b69e2d21e9"><testcase classname="backend.tests.test_add_room_bug_fix.TestHealthCheck" name="test_health_endpoint" time="0.138" /><testcase classname="backend.tests.test_add_room_bug_fix.TestRoomCreationAPI" name="test_create_room_with_valid_data" time="0.204" /><testcase classname="backend.tests.test_add_room_bug_fix.TestRoomCreationAPI" name="test_create_kitchen_room" time="0.150" /><testcase classname="backend.tests.test_add_room_bug_fix.TestRoomCreationAPI" name="test_create_multiple_rooms" time="0.424" /><testcase classname="backend.tests.test_add_room_bug_fix.TestProjectAPI" name="test_get_projects_list" time="0.181" /><testcase classname="backend.tests.test_add_room_bug_fix.TestProjectAPI" name="test_create_project_with_zero_rooms" time="0.117" /><testcase classname="backend.tests.test_add_room_bug_fix.TestProjectAPI" name="test_add_room_to_existing_project" time="0.282" /><testcase classname="backend.tests.test_add_room_bug_fix.TestZeroRoomsBugFix" name="test_project_with_zero_rooms_flow" time="0.531" /></testsuite></testsuites>