<?xml version="1.0" encoding="utf-8"?><testsuites name="pytest tests"><testsuite name="pytest" errors="0" failures="0" skipped="0" tests="8" time="3.174" timestamp="2026-04-16T14:29:56.560999+00:00" hostname="agent-env-ff64919e-ed2c-40e8-bed3-c1c747586a71"><testcase classname="tests.test_room_notes_and_colors.TestRoomNotesAndColors" name="test_room_notes_save_via_api" time="0.400" /><testcase classname="tests.test_room_notes_and_colors.TestRoomNotesAndColors" name="test_room_notes_persist_in_get" time="0.451" /><testcase classname="tests.test_room_notes_and_colors.TestRoomNotesAndColors" name="test_room_notes_in_project_response" time="0.353" /><testcase classname="tests.test_room_notes_and_colors.TestRoomNotesAndColors" name="test_room_colors_are_distinct" time="0.340" /><testcase classname="tests.test_room_notes_and_colors.TestRoomNotesAndColors" name="test_room_color_update_via_api" time="0.486" /><testcase classname="tests.test_room_notes_and_colors.TestRoomNotesAndColors" name="test_room_notes_empty_by_default" time="0.381" /><testcase classname="tests.test_room_notes_and_colors.TestRoomNotesAPIEndpoints" name="test_put_room_with_notes_only" time="0.366" /><testcase classname="tests.test_room_notes_and_colors.TestRoomNotesAPIEndpoints" name="test_put_room_with_notes_and_color" time="0.342" /></testsuite></testsuites>