<?xml version="1.0" encoding="utf-8"?><testsuites name="pytest tests"><testsuite name="pytest" errors="0" failures="0" skipped="0" tests="5" time="0.494" timestamp="2026-05-11T00:37:41.763663+00:00" hostname="agent-env-ff64919e-ed2c-40e8-bed3-c1c747586a71"><testcase classname="backend.tests.test_proposal_layout.TestProposalLayout" name="test_layout_put_persists" time="0.193" /><testcase classname="backend.tests.test_proposal_layout.TestProposalLayout" name="test_layout_invalid_code" time="0.051" /><testcase classname="backend.tests.test_proposal_layout.TestProposalLayout" name="test_layout_restore_clean" time="0.053" /><testcase classname="backend.tests.test_proposal_layout.TestProposalGet" name="test_get_proposal" time="0.070" /><testcase classname="backend.tests.test_proposal_layout.TestProposalOverride" name="test_override_cost" time="0.052" /></testsuite></testsuites>