<?xml version="1.0" encoding="utf-8"?><testsuites name="pytest tests"><testsuite name="pytest" errors="0" failures="0" skipped="0" tests="17" time="2.533" timestamp="2026-02-10T21:22:00.266086+00:00" hostname="agent-env-fb0d4a44-5831-40f1-93ab-c8c719a0ab15"><testcase classname="tests.test_transfer_features.TestHealthAndBasicAPIs" name="test_health_check" time="1.496" /><testcase classname="tests.test_transfer_features.TestHealthAndBasicAPIs" name="test_root_endpoint" time="0.042" /><testcase classname="tests.test_transfer_features.TestProjectAPIs" name="test_get_projects_list" time="0.050" /><testcase classname="tests.test_transfer_features.TestProjectAPIs" name="test_get_test_project" time="0.054" /><testcase classname="tests.test_transfer_features.TestProjectAPIs" name="test_get_project_with_walkthrough_sheet_type" time="0.054" /><testcase classname="tests.test_transfer_features.TestProjectAPIs" name="test_get_project_with_checklist_sheet_type" time="0.041" /><testcase classname="tests.test_transfer_features.TestRoomAPIs" name="test_list_rooms" time="0.081" /><testcase classname="tests.test_transfer_features.TestRoomAPIs" name="test_list_walkthrough_rooms" time="0.041" /><testcase classname="tests.test_transfer_features.TestRoomAPIs" name="test_list_checklist_rooms" time="0.042" /><testcase classname="tests.test_transfer_features.TestItemAPIs" name="test_create_item" time="0.151" /><testcase classname="tests.test_transfer_features.TestItemAPIs" name="test_update_item_status" time="0.172" /><testcase classname="tests.test_transfer_features.TestCategoryAPIs" name="test_get_available_categories" time="0.037" /><testcase classname="tests.test_transfer_features.TestCategoryAPIs" name="test_get_category_options" time="0.037" /><testcase classname="tests.test_transfer_features.TestSyncAPIs" name="test_get_sync_status" time="0.044" /><testcase classname="tests.test_transfer_features.TestItemStatuses" name="test_get_item_statuses" time="0.039" /><testcase classname="tests.test_transfer_features.TestRoomColors" name="test_get_room_colors" time="0.039" /><testcase classname="tests.test_transfer_features.TestRoomColors" name="test_get_category_colors" time="0.038" /></testsuite></testsuites>