<?xml version="1.0" encoding="utf-8"?><testsuites name="pytest tests"><testsuite name="pytest" errors="0" failures="4" skipped="0" tests="12" time="2.496" timestamp="2026-02-12T05:15:54.662086+00:00" hostname="agent-env-1759e712-4c51-4204-8bf5-27c4cfd3ec04"><testcase classname="tests.test_iteration_33.TestHealthAndBasicAPIs" name="test_health_endpoint" time="0.188" /><testcase classname="tests.test_iteration_33.TestHealthAndBasicAPIs" name="test_projects_list" time="0.052" /><testcase classname="tests.test_iteration_33.TestProjectLoading" name="test_venture_dr_project_loads" time="0.038"><failure message="AssertionError: Expected 200, got 404: {&quot;detail&quot;:&quot;Project not found&quot;}&#10;assert 404 == 200&#10; +  where 404 = &lt;Response [404]&gt;.status_code">tests/test_iteration_33.py:41: in test_venture_dr_project_loads
    assert response.status_code == 200, f"Expected 200, got {response.status_code}: {response.text}"
E   AssertionError: Expected 200, got 404: {"detail":"Project not found"}
E   assert 404 == 200
E    +  where 404 = &lt;Response [404]&gt;.status_code</failure></testcase><testcase classname="tests.test_iteration_33.TestProjectLoading" name="test_project_walkthrough_view" time="0.038"><failure message="assert 404 == 200&#10; +  where 404 = &lt;Response [404]&gt;.status_code">tests/test_iteration_33.py:50: in test_project_walkthrough_view
    assert response.status_code == 200
E   assert 404 == 200
E    +  where 404 = &lt;Response [404]&gt;.status_code</failure></testcase><testcase classname="tests.test_iteration_33.TestProjectLoading" name="test_project_ffe_view" time="0.043"><failure message="assert 404 == 200&#10; +  where 404 = &lt;Response [404]&gt;.status_code">tests/test_iteration_33.py:58: in test_project_ffe_view
    assert response.status_code == 200
E   assert 404 == 200
E    +  where 404 = &lt;Response [404]&gt;.status_code</failure></testcase><testcase classname="tests.test_iteration_33.TestToDoAPIs" name="test_get_todos_for_project" time="0.040" /><testcase classname="tests.test_iteration_33.TestToDoAPIs" name="test_create_and_update_todo" time="1.797" /><testcase classname="tests.test_iteration_33.TestItemStatuses" name="test_get_item_statuses" time="0.039" /><testcase classname="tests.test_iteration_33.TestRoomAndCategoryAPIs" name="test_get_rooms_for_project" time="0.041"><failure message="assert 404 == 200&#10; +  where 404 = &lt;Response [404]&gt;.status_code">tests/test_iteration_33.py:133: in test_get_rooms_for_project
    assert response.status_code == 200
E   assert 404 == 200
E    +  where 404 = &lt;Response [404]&gt;.status_code</failure></testcase><testcase classname="tests.test_iteration_33.TestRoomAndCategoryAPIs" name="test_categories_available" time="0.038" /><testcase classname="tests.test_iteration_33.TestSyncAPIs" name="test_sync_status" time="0.042" /><testcase classname="tests.test_iteration_33.TestRoomColors" name="test_get_room_colors" time="0.041" /></testsuite></testsuites>