<?xml version="1.0" encoding="utf-8"?><testsuites name="pytest tests"><testsuite name="pytest" errors="0" failures="0" skipped="0" tests="8" time="1.614" timestamp="2026-03-22T02:17:11.324531+00:00" hostname="agent-env-22ddd17c-40ca-4c8b-af38-be4db1d8ff36"><testcase classname="backend.tests.test_finish_schedules_v40.TestFinishScheduleAPI" name="test_get_room_finish_schedules" time="0.305" /><testcase classname="backend.tests.test_finish_schedules_v40.TestFinishScheduleAPI" name="test_get_existing_schedule_has_surfaces" time="0.161" /><testcase classname="backend.tests.test_finish_schedules_v40.TestFinishScheduleAPI" name="test_create_finish_schedule" time="0.121" /><testcase classname="backend.tests.test_finish_schedules_v40.TestFinishScheduleAPI" name="test_update_finish_schedule" time="0.227" /><testcase classname="backend.tests.test_finish_schedules_v40.TestFinishScheduleAPI" name="test_delete_finish_schedule" time="0.109" /><testcase classname="backend.tests.test_finish_schedules_v40.TestFinishScheduleAPI" name="test_all_8_patterns_supported" time="0.364" /><testcase classname="backend.tests.test_finish_schedules_v40.TestProjectAPI" name="test_get_project_has_rooms" time="0.099" /><testcase classname="backend.tests.test_finish_schedules_v40.TestProjectAPI" name="test_room_has_tile_items" time="0.145" /></testsuite></testsuites>