<?xml version="1.0" encoding="utf-8"?><testsuites name="pytest tests"><testsuite name="pytest" errors="0" failures="0" skipped="0" tests="10" time="1.282" timestamp="2026-01-20T20:46:30.329045+00:00" hostname="agent-env-8234fc33-6684-4c48-a2b0-ee14470758ec"><testcase classname="tests.test_quantity_blank_v27.TestHealthEndpoints" name="test_health_endpoint" time="0.104" /><testcase classname="tests.test_quantity_blank_v27.TestHealthEndpoints" name="test_api_root" time="0.042" /><testcase classname="tests.test_quantity_blank_v27.TestHealthEndpoints" name="test_scraper_download_endpoint" time="0.040" /><testcase classname="tests.test_quantity_blank_v27.TestQuantityBlankDefault" name="test_create_item_with_null_quantity" time="0.264" /><testcase classname="tests.test_quantity_blank_v27.TestQuantityBlankDefault" name="test_create_item_rejects_empty_string_quantity" time="0.139" /><testcase classname="tests.test_quantity_blank_v27.TestSamplesAutoSync" name="test_samples_endpoint_exists" time="0.042" /><testcase classname="tests.test_quantity_blank_v27.TestSamplesAutoSync" name="test_samples_by_project" time="0.087" /><testcase classname="tests.test_quantity_blank_v27.TestProjectEndpoints" name="test_get_projects" time="0.043" /><testcase classname="tests.test_quantity_blank_v27.TestProjectEndpoints" name="test_get_project_checklist" time="0.097" /><testcase classname="tests.test_quantity_blank_v27.TestItemCRUD" name="test_item_crud_flow" time="0.285" /></testsuite></testsuites>