<?xml version="1.0" encoding="utf-8"?><testsuites name="pytest tests"><testsuite name="pytest" errors="0" failures="4" skipped="2" tests="42" time="9.650" timestamp="2026-01-07T05:22:35.189762+00:00" hostname="agent-env-28af94f0-2131-4703-a50c-0c1abed329d6"><testcase classname="tests.test_comprehensive_interior_design.TestHealthAndBasicEndpoints" name="test_api_health" time="0.078" /><testcase classname="tests.test_comprehensive_interior_design.TestHealthAndBasicEndpoints" name="test_room_colors_endpoint" time="0.075" /><testcase classname="tests.test_comprehensive_interior_design.TestHealthAndBasicEndpoints" name="test_category_colors_endpoint" time="0.040" /><testcase classname="tests.test_comprehensive_interior_design.TestHealthAndBasicEndpoints" name="test_item_statuses_endpoint" time="0.039" /><testcase classname="tests.test_comprehensive_interior_design.TestHealthAndBasicEndpoints" name="test_vendor_types_endpoint" time="0.038" /><testcase classname="tests.test_comprehensive_interior_design.TestHealthAndBasicEndpoints" name="test_carrier_types_endpoint" time="0.033" /><testcase classname="tests.test_comprehensive_interior_design.TestMasterContactsCRITICAL" name="test_master_contacts_count_is_134" time="0.043" /><testcase classname="tests.test_comprehensive_interior_design.TestMasterContactsCRITICAL" name="test_master_contacts_have_required_fields" time="0.044" /><testcase classname="tests.test_comprehensive_interior_design.TestMasterContactsCRITICAL" name="test_master_contacts_crud_create" time="0.038"><failure message="AssertionError: assert 'id' in {'contact': {'address': '', 'company': 'Test Company Inc', 'created_at': '2026-01-07T05:22:35.718801+00:00', 'email': 'test@testcompany.com', ...}, 'success': True}">tests/test_comprehensive_interior_design.py:148: in test_master_contacts_crud_create
    assert "id" in data
E   AssertionError: assert 'id' in {'contact': {'address': '', 'company': 'Test Company Inc', 'created_at': '2026-01-07T05:22:35.718801+00:00', 'email': 'test@testcompany.com', ...}, 'success': True}</failure></testcase><testcase classname="tests.test_comprehensive_interior_design.TestMasterContactsCRITICAL" name="test_master_contacts_crud_update" time="0.066"><failure message="AssertionError: Update failed: 404&#10;assert 404 == 200&#10; +  where 404 = &lt;Response [404]&gt;.status_code">tests/test_comprehensive_interior_design.py:169: in test_master_contacts_crud_update
    assert update_response.status_code == 200, f"Update failed: {update_response.status_code}"
E   AssertionError: Update failed: 404
E   assert 404 == 200
E    +  where 404 = &lt;Response [404]&gt;.status_code</failure></testcase><testcase classname="tests.test_comprehensive_interior_design.TestMasterContactsCRITICAL" name="test_master_contacts_crud_delete" time="0.082"><failure message="AssertionError: Delete failed: 404&#10;assert 404 == 200&#10; +  where 404 = &lt;Response [404]&gt;.status_code">tests/test_comprehensive_interior_design.py:187: in test_master_contacts_crud_delete
    assert delete_response.status_code == 200, f"Delete failed: {delete_response.status_code}"
E   AssertionError: Delete failed: 404
E   assert 404 == 200
E    +  where 404 = &lt;Response [404]&gt;.status_code</failure></testcase><testcase classname="tests.test_comprehensive_interior_design.TestMasterContactsCRITICAL" name="test_master_contacts_count_after_crud" time="0.190" /><testcase classname="tests.test_comprehensive_interior_design.TestProjectSpecificContacts" name="test_get_project_contacts" time="0.119" /><testcase classname="tests.test_comprehensive_interior_design.TestProjectSpecificContacts" name="test_create_project_contact" time="0.167"><failure message="AssertionError: assert 'id' in {'contact': {'address': '', 'company': 'Test Builder Co', 'created_at': '2026-01-07T05:22:36.335842+00:00', 'email': 'project@test.com', ...}, 'success': True}">tests/test_comprehensive_interior_design.py:246: in test_create_project_contact
    assert "id" in data
E   AssertionError: assert 'id' in {'contact': {'address': '', 'company': 'Test Builder Co', 'created_at': '2026-01-07T05:22:36.335842+00:00', 'email': 'project@test.com', ...}, 'success': True}</failure></testcase><testcase classname="tests.test_comprehensive_interior_design.TestProjectSpecificContacts" name="test_contact_roles_endpoint" time="0.032" /><testcase classname="tests.test_comprehensive_interior_design.TestProjectsCRUD" name="test_get_all_projects" time="0.086" /><testcase classname="tests.test_comprehensive_interior_design.TestProjectsCRUD" name="test_create_project" time="0.034" /><testcase classname="tests.test_comprehensive_interior_design.TestProjectsCRUD" name="test_get_project_by_id" time="0.140" /><testcase classname="tests.test_comprehensive_interior_design.TestProjectsCRUD" name="test_update_project" time="0.123" /><testcase classname="tests.test_comprehensive_interior_design.TestFFESpreadsheet" name="test_get_ffe_spreadsheet" time="0.141" /><testcase classname="tests.test_comprehensive_interior_design.TestFFESpreadsheet" name="test_ffe_items_have_remarks_field" time="0.153" /><testcase classname="tests.test_comprehensive_interior_design.TestFFESpreadsheet" name="test_ffe_items_have_installation_notes_field" time="0.139" /><testcase classname="tests.test_comprehensive_interior_design.TestChecklistSpreadsheet" name="test_get_checklist_spreadsheet" time="0.115" /><testcase classname="tests.test_comprehensive_interior_design.TestWalkthroughSpreadsheet" name="test_get_walkthrough_spreadsheet" time="0.128" /><testcase classname="tests.test_comprehensive_interior_design.TestTransferToFFE" name="test_transfer_room_endpoint_exists" time="0.112"><skipped type="pytest.skip" message="No rooms available for transfer test">/app/tests/test_comprehensive_interior_design.py:450: No rooms available for transfer test</skipped></testcase><testcase classname="tests.test_comprehensive_interior_design.TestQuestionnaire" name="test_save_questionnaire" time="0.122" /><testcase classname="tests.test_comprehensive_interior_design.TestQuestionnaire" name="test_get_questionnaire" time="0.112" /><testcase classname="tests.test_comprehensive_interior_design.TestEmailSending" name="test_send_questionnaire_email_endpoint" time="4.317" /><testcase classname="tests.test_comprehensive_interior_design.TestDeliveriesTab" name="test_get_deliveries" time="0.156" /><testcase classname="tests.test_comprehensive_interior_design.TestExportEndpoints" name="test_electrician_sheet_export" time="0.172" /><testcase classname="tests.test_comprehensive_interior_design.TestExportEndpoints" name="test_load_in_sheets_export" time="0.169" /><testcase classname="tests.test_comprehensive_interior_design.TestExportEndpoints" name="test_movers_ffe_export" time="0.170" /><testcase classname="tests.test_comprehensive_interior_design.TestChromeExtensionDownload" name="test_chrome_extension_download" time="0.040" /><testcase classname="tests.test_comprehensive_interior_design.TestBackgroundRemoval" name="test_background_removal_endpoint" time="0.958" /><testcase classname="tests.test_comprehensive_interior_design.TestMasterMaterials" name="test_get_master_materials" time="0.037" /><testcase classname="tests.test_comprehensive_interior_design.TestCalendarEvents" name="test_get_calendar_events" time="0.034"><skipped type="pytest.skip" message="Calendar endpoint not implemented">/app/tests/test_comprehensive_interior_design.py:654: Calendar endpoint not implemented</skipped></testcase><testcase classname="tests.test_comprehensive_interior_design.TestRoomsCRUD" name="test_create_room" time="0.162" /><testcase classname="tests.test_comprehensive_interior_design.TestRoomsCRUD" name="test_get_room_by_id" time="0.141" /><testcase classname="tests.test_comprehensive_interior_design.TestRoomsCRUD" name="test_delete_room" time="0.205" /><testcase classname="tests.test_comprehensive_interior_design.TestItemsCRUD" name="test_create_item_with_remarks_and_notes" time="0.124" /><testcase classname="tests.test_comprehensive_interior_design.TestItemsCRUD" name="test_update_item_status_to_ordered" time="0.133" /><testcase classname="tests.test_comprehensive_interior_design.TestCleanup" name="test_cleanup_test_data" time="0.171" /></testsuite></testsuites>